--------------- Clean Started: 12/07/2016 18:13:50 Project: PSoC 4 BLE - Find Me, Configuration: ARM GCC 4.8.4 Debug ---------------
Deleting file ".\CortexM0\ARM_GCC_484\Debug\main.o"
Deleting file ".\CortexM0\ARM_GCC_484\Debug\cyfitter_cfg.o"
Deleting file ".\CortexM0\ARM_GCC_484\Debug\cymetadata.o"
Deleting file ".\CortexM0\ARM_GCC_484\Debug\BLE.o"
Deleting file ".\CortexM0\ARM_GCC_484\Debug\BLE_gatt.o"
Deleting file ".\CortexM0\ARM_GCC_484\Debug\BLE_ias.o"
Deleting file ".\CortexM0\ARM_GCC_484\Debug\BLE_eventHandler.o"
Deleting file ".\CortexM0\ARM_GCC_484\Debug\BLE_HAL_INT.o"
Deleting file ".\CortexM0\ARM_GCC_484\Debug\BLE_HAL_PVT.o"
Deleting file ".\CortexM0\ARM_GCC_484\Debug\PWM.o"
Deleting file ".\CortexM0\ARM_GCC_484\Debug\PWM_PM.o"
Deleting file ".\CortexM0\ARM_GCC_484\Debug\Pin_R.o"
Deleting file ".\CortexM0\ARM_GCC_484\Debug\Clock.o"
Deleting file ".\CortexM0\ARM_GCC_484\Debug\Pin_B.o"
Deleting file ".\CortexM0\ARM_GCC_484\Debug\Pin_G.o"
Deleting file ".\CortexM0\ARM_GCC_484\Debug\BLE_bless_isr.o"
Deleting file ".\CortexM0\ARM_GCC_484\Debug\Cm0Start.o"
Deleting file ".\CortexM0\ARM_GCC_484\Debug\CyBootAsmGnu.o"
Deleting file ".\CortexM0\ARM_GCC_484\Debug\CyFlash.o"
Deleting file ".\CortexM0\ARM_GCC_484\Debug\CyLib.o"
Deleting file ".\CortexM0\ARM_GCC_484\Debug\cyPm.o"
Deleting file ".\CortexM0\ARM_GCC_484\Debug\cyutils.o"
Deleting file ".\CortexM0\ARM_GCC_484\Debug\PSoC 4 BLE - Find Me.hex"
Deleting file ".\CortexM0\ARM_GCC_484\Debug\PSoC 4 BLE - Find Me.elf"
Deleting file ".\CortexM0\ARM_GCC_484\Debug\PSoC 4 BLE - Find Me.map"
Deleting file ".\PSoC 4 BLE - Find Me.cycdx"
Deleting file ".\PSoC 4 BLE - Find Me.svd"
Deleting file ".\PSoC 4 BLE - Find Me.rpt"
Deleting file ".\PSoC 4 BLE - Find Me_timing.html"
Deleting file ".\CortexM0\ARM_GCC_484\Debug\.deps\C_FILE.P"
Deleting file ".\CortexM0\ARM_GCC_484\Debug\.deps\ARM_C_FILE.P"
Deleting file ".\CortexM0\ARM_GCC_484\Debug\.deps\GNU_ARM_ASM_FILE.P"
--------------- Clean Succeeded: 12/07/2016 18:13:50 ---------------
