ARM GAS  C:\Users\Zachary\AppData\Local\Temp\ccUqTawH.s 			page 1


   1              		.cpu cortex-m0
   2              		.fpu softvfp
   3              		.eabi_attribute 20, 1
   4              		.eabi_attribute 21, 1
   5              		.eabi_attribute 23, 3
   6              		.eabi_attribute 24, 1
   7              		.eabi_attribute 25, 1
   8              		.eabi_attribute 26, 1
   9              		.eabi_attribute 30, 6
  10              		.eabi_attribute 34, 0
  11              		.eabi_attribute 18, 4
  12              		.code	16
  13              		.file	"cyfitter_cfg.c"
  14              		.text
  15              	.Ltext0:
  16              		.cfi_sections	.debug_frame
  17              		.section	.text.CYMEMZERO,"ax",%progbits
  18              		.align	2
  19              		.code	16
  20              		.thumb_func
  21              		.type	CYMEMZERO, %function
  22              	CYMEMZERO:
  23              	.LFB2:
  24              		.file 1 ".\\Generated_Source\\PSoC4\\cyfitter_cfg.c"
   1:.\Generated_Source\PSoC4/cyfitter_cfg.c **** /*******************************************************************************
   2:.\Generated_Source\PSoC4/cyfitter_cfg.c **** * FILENAME: cyfitter_cfg.c
   3:.\Generated_Source\PSoC4/cyfitter_cfg.c **** * PSoC Creator  3.1 SP2
   4:.\Generated_Source\PSoC4/cyfitter_cfg.c **** *
   5:.\Generated_Source\PSoC4/cyfitter_cfg.c **** * Description:
   6:.\Generated_Source\PSoC4/cyfitter_cfg.c **** * This file is automatically generated by PSoC Creator with device 
   7:.\Generated_Source\PSoC4/cyfitter_cfg.c **** * initialization code.  Except for the user defined sections in
   8:.\Generated_Source\PSoC4/cyfitter_cfg.c **** * CyClockStartupError(), this file should not be modified.
   9:.\Generated_Source\PSoC4/cyfitter_cfg.c **** *
  10:.\Generated_Source\PSoC4/cyfitter_cfg.c **** ********************************************************************************
  11:.\Generated_Source\PSoC4/cyfitter_cfg.c **** * Copyright 2013, Cypress Semiconductor Corporation.  All rights reserved.
  12:.\Generated_Source\PSoC4/cyfitter_cfg.c **** * You may use this file only in accordance with the license, terms, conditions, 
  13:.\Generated_Source\PSoC4/cyfitter_cfg.c **** * disclaimers, and limitations in the end user license agreement accompanying 
  14:.\Generated_Source\PSoC4/cyfitter_cfg.c **** * the software package with which this file was provided.
  15:.\Generated_Source\PSoC4/cyfitter_cfg.c **** ********************************************************************************/
  16:.\Generated_Source\PSoC4/cyfitter_cfg.c **** 
  17:.\Generated_Source\PSoC4/cyfitter_cfg.c **** #include <string.h>
  18:.\Generated_Source\PSoC4/cyfitter_cfg.c **** #include <cytypes.h>
  19:.\Generated_Source\PSoC4/cyfitter_cfg.c **** #include <cydevice_trm.h>
  20:.\Generated_Source\PSoC4/cyfitter_cfg.c **** #include <cyfitter.h>
  21:.\Generated_Source\PSoC4/cyfitter_cfg.c **** #include <CyLib.h>
  22:.\Generated_Source\PSoC4/cyfitter_cfg.c **** #include <cyfitter_cfg.h>
  23:.\Generated_Source\PSoC4/cyfitter_cfg.c **** 
  24:.\Generated_Source\PSoC4/cyfitter_cfg.c **** 
  25:.\Generated_Source\PSoC4/cyfitter_cfg.c **** #if defined(__GNUC__) || defined(__ARMCC_VERSION)
  26:.\Generated_Source\PSoC4/cyfitter_cfg.c ****     #define CYPACKED 
  27:.\Generated_Source\PSoC4/cyfitter_cfg.c ****     #define CYPACKED_ATTR __attribute__ ((packed))
  28:.\Generated_Source\PSoC4/cyfitter_cfg.c ****     #define CYALIGNED __attribute__ ((aligned))
  29:.\Generated_Source\PSoC4/cyfitter_cfg.c ****     #define CY_CFG_UNUSED __attribute__ ((unused))
  30:.\Generated_Source\PSoC4/cyfitter_cfg.c ****     #define CY_CFG_SECTION __attribute__ ((section(".psocinit")))
  31:.\Generated_Source\PSoC4/cyfitter_cfg.c ****     
  32:.\Generated_Source\PSoC4/cyfitter_cfg.c ****     #if defined(__ARMCC_VERSION)
  33:.\Generated_Source\PSoC4/cyfitter_cfg.c ****         #define CY_CFG_MEMORY_BARRIER() __memory_changed()
ARM GAS  C:\Users\Zachary\AppData\Local\Temp\ccUqTawH.s 			page 2


  34:.\Generated_Source\PSoC4/cyfitter_cfg.c ****     #else
  35:.\Generated_Source\PSoC4/cyfitter_cfg.c ****         #define CY_CFG_MEMORY_BARRIER() __sync_synchronize()
  36:.\Generated_Source\PSoC4/cyfitter_cfg.c ****     #endif
  37:.\Generated_Source\PSoC4/cyfitter_cfg.c ****     
  38:.\Generated_Source\PSoC4/cyfitter_cfg.c **** #elif defined(__ICCARM__)
  39:.\Generated_Source\PSoC4/cyfitter_cfg.c ****     #include <intrinsics.h>
  40:.\Generated_Source\PSoC4/cyfitter_cfg.c **** 
  41:.\Generated_Source\PSoC4/cyfitter_cfg.c ****     #define CYPACKED __packed
  42:.\Generated_Source\PSoC4/cyfitter_cfg.c ****     #define CYPACKED_ATTR 
  43:.\Generated_Source\PSoC4/cyfitter_cfg.c ****     #define CYALIGNED _Pragma("data_alignment=4")
  44:.\Generated_Source\PSoC4/cyfitter_cfg.c ****     #define CY_CFG_UNUSED _Pragma("diag_suppress=Pe177")
  45:.\Generated_Source\PSoC4/cyfitter_cfg.c ****     #define CY_CFG_SECTION _Pragma("location=\".psocinit\"")
  46:.\Generated_Source\PSoC4/cyfitter_cfg.c ****     
  47:.\Generated_Source\PSoC4/cyfitter_cfg.c ****     #define CY_CFG_MEMORY_BARRIER() __DMB()
  48:.\Generated_Source\PSoC4/cyfitter_cfg.c ****     
  49:.\Generated_Source\PSoC4/cyfitter_cfg.c **** #else
  50:.\Generated_Source\PSoC4/cyfitter_cfg.c ****     #error Unsupported toolchain
  51:.\Generated_Source\PSoC4/cyfitter_cfg.c **** #endif
  52:.\Generated_Source\PSoC4/cyfitter_cfg.c **** 
  53:.\Generated_Source\PSoC4/cyfitter_cfg.c **** 
  54:.\Generated_Source\PSoC4/cyfitter_cfg.c **** CY_CFG_UNUSED
  55:.\Generated_Source\PSoC4/cyfitter_cfg.c **** static void CYMEMZERO(void *s, size_t n);
  56:.\Generated_Source\PSoC4/cyfitter_cfg.c **** CY_CFG_UNUSED
  57:.\Generated_Source\PSoC4/cyfitter_cfg.c **** static void CYMEMZERO(void *s, size_t n)
  58:.\Generated_Source\PSoC4/cyfitter_cfg.c **** {
  25              		.loc 1 58 0
  26              		.cfi_startproc
  27 0000 80B5     		push	{r7, lr}
  28              		.cfi_def_cfa_offset 8
  29              		.cfi_offset 7, -8
  30              		.cfi_offset 14, -4
  31 0002 82B0     		sub	sp, sp, #8
  32              		.cfi_def_cfa_offset 16
  33 0004 00AF     		add	r7, sp, #0
  34              		.cfi_def_cfa_register 7
  35 0006 7860     		str	r0, [r7, #4]
  36 0008 3960     		str	r1, [r7]
  59:.\Generated_Source\PSoC4/cyfitter_cfg.c **** 	(void)memset(s, 0, n);
  37              		.loc 1 59 0
  38 000a 7A68     		ldr	r2, [r7, #4]
  39 000c 3B68     		ldr	r3, [r7]
  40 000e 101C     		mov	r0, r2
  41 0010 0021     		mov	r1, #0
  42 0012 1A1C     		mov	r2, r3
  43 0014 FFF7FEFF 		bl	memset
  60:.\Generated_Source\PSoC4/cyfitter_cfg.c **** }
  44              		.loc 1 60 0
  45 0018 BD46     		mov	sp, r7
  46 001a 02B0     		add	sp, sp, #8
  47              		@ sp needed
  48 001c 80BD     		pop	{r7, pc}
  49              		.cfi_endproc
  50              	.LFE2:
  51              		.size	CYMEMZERO, .-CYMEMZERO
  52 001e C046     		.section	.text.CYCONFIGCPY,"ax",%progbits
  53              		.align	2
  54              		.code	16
ARM GAS  C:\Users\Zachary\AppData\Local\Temp\ccUqTawH.s 			page 3


  55              		.thumb_func
  56              		.type	CYCONFIGCPY, %function
  57              	CYCONFIGCPY:
  58              	.LFB3:
  61:.\Generated_Source\PSoC4/cyfitter_cfg.c **** CY_CFG_UNUSED
  62:.\Generated_Source\PSoC4/cyfitter_cfg.c **** static void CYCONFIGCPY(void *dest, const void *src, size_t n);
  63:.\Generated_Source\PSoC4/cyfitter_cfg.c **** CY_CFG_UNUSED
  64:.\Generated_Source\PSoC4/cyfitter_cfg.c **** static void CYCONFIGCPY(void *dest, const void *src, size_t n)
  65:.\Generated_Source\PSoC4/cyfitter_cfg.c **** {
  59              		.loc 1 65 0
  60              		.cfi_startproc
  61 0000 80B5     		push	{r7, lr}
  62              		.cfi_def_cfa_offset 8
  63              		.cfi_offset 7, -8
  64              		.cfi_offset 14, -4
  65 0002 84B0     		sub	sp, sp, #16
  66              		.cfi_def_cfa_offset 24
  67 0004 00AF     		add	r7, sp, #0
  68              		.cfi_def_cfa_register 7
  69 0006 F860     		str	r0, [r7, #12]
  70 0008 B960     		str	r1, [r7, #8]
  71 000a 7A60     		str	r2, [r7, #4]
  66:.\Generated_Source\PSoC4/cyfitter_cfg.c **** 	(void)memcpy(dest, src, n);
  72              		.loc 1 66 0
  73 000c F968     		ldr	r1, [r7, #12]
  74 000e BA68     		ldr	r2, [r7, #8]
  75 0010 7B68     		ldr	r3, [r7, #4]
  76 0012 081C     		mov	r0, r1
  77 0014 111C     		mov	r1, r2
  78 0016 1A1C     		mov	r2, r3
  79 0018 FFF7FEFF 		bl	memcpy
  67:.\Generated_Source\PSoC4/cyfitter_cfg.c **** }
  80              		.loc 1 67 0
  81 001c BD46     		mov	sp, r7
  82 001e 04B0     		add	sp, sp, #16
  83              		@ sp needed
  84 0020 80BD     		pop	{r7, pc}
  85              		.cfi_endproc
  86              	.LFE3:
  87              		.size	CYCONFIGCPY, .-CYCONFIGCPY
  88 0022 C046     		.section	.text.CYCONFIGCPYCODE,"ax",%progbits
  89              		.align	2
  90              		.code	16
  91              		.thumb_func
  92              		.type	CYCONFIGCPYCODE, %function
  93              	CYCONFIGCPYCODE:
  94              	.LFB4:
  68:.\Generated_Source\PSoC4/cyfitter_cfg.c **** CY_CFG_UNUSED
  69:.\Generated_Source\PSoC4/cyfitter_cfg.c **** static void CYCONFIGCPYCODE(void *dest, const void *src, size_t n);
  70:.\Generated_Source\PSoC4/cyfitter_cfg.c **** CY_CFG_UNUSED
  71:.\Generated_Source\PSoC4/cyfitter_cfg.c **** static void CYCONFIGCPYCODE(void *dest, const void *src, size_t n)
  72:.\Generated_Source\PSoC4/cyfitter_cfg.c **** {
  95              		.loc 1 72 0
  96              		.cfi_startproc
  97 0000 80B5     		push	{r7, lr}
  98              		.cfi_def_cfa_offset 8
  99              		.cfi_offset 7, -8
ARM GAS  C:\Users\Zachary\AppData\Local\Temp\ccUqTawH.s 			page 4


 100              		.cfi_offset 14, -4
 101 0002 84B0     		sub	sp, sp, #16
 102              		.cfi_def_cfa_offset 24
 103 0004 00AF     		add	r7, sp, #0
 104              		.cfi_def_cfa_register 7
 105 0006 F860     		str	r0, [r7, #12]
 106 0008 B960     		str	r1, [r7, #8]
 107 000a 7A60     		str	r2, [r7, #4]
  73:.\Generated_Source\PSoC4/cyfitter_cfg.c **** 	(void)memcpy(dest, src, n);
 108              		.loc 1 73 0
 109 000c F968     		ldr	r1, [r7, #12]
 110 000e BA68     		ldr	r2, [r7, #8]
 111 0010 7B68     		ldr	r3, [r7, #4]
 112 0012 081C     		mov	r0, r1
 113 0014 111C     		mov	r1, r2
 114 0016 1A1C     		mov	r2, r3
 115 0018 FFF7FEFF 		bl	memcpy
  74:.\Generated_Source\PSoC4/cyfitter_cfg.c **** }
 116              		.loc 1 74 0
 117 001c BD46     		mov	sp, r7
 118 001e 04B0     		add	sp, sp, #16
 119              		@ sp needed
 120 0020 80BD     		pop	{r7, pc}
 121              		.cfi_endproc
 122              	.LFE4:
 123              		.size	CYCONFIGCPYCODE, .-CYCONFIGCPYCODE
 124 0022 C046     		.section	.psocinit,"ax",%progbits
 125              		.align	2
 126              		.code	16
 127              		.thumb_func
 128              		.type	SetIMOBGTrims, %function
 129              	SetIMOBGTrims:
 130              	.LFB5:
  75:.\Generated_Source\PSoC4/cyfitter_cfg.c **** 
  76:.\Generated_Source\PSoC4/cyfitter_cfg.c **** 
  77:.\Generated_Source\PSoC4/cyfitter_cfg.c **** 
  78:.\Generated_Source\PSoC4/cyfitter_cfg.c **** /* Clock startup error codes                                                   */
  79:.\Generated_Source\PSoC4/cyfitter_cfg.c **** #define CYCLOCKSTART_NO_ERROR    0u
  80:.\Generated_Source\PSoC4/cyfitter_cfg.c **** #define CYCLOCKSTART_XTAL_ERROR  1u
  81:.\Generated_Source\PSoC4/cyfitter_cfg.c **** #define CYCLOCKSTART_32KHZ_ERROR 2u
  82:.\Generated_Source\PSoC4/cyfitter_cfg.c **** #define CYCLOCKSTART_PLL_ERROR   3u
  83:.\Generated_Source\PSoC4/cyfitter_cfg.c **** 
  84:.\Generated_Source\PSoC4/cyfitter_cfg.c **** #ifdef CY_NEED_CYCLOCKSTARTUPERROR
  85:.\Generated_Source\PSoC4/cyfitter_cfg.c **** /*******************************************************************************
  86:.\Generated_Source\PSoC4/cyfitter_cfg.c **** * Function Name: CyClockStartupError
  87:.\Generated_Source\PSoC4/cyfitter_cfg.c **** ********************************************************************************
  88:.\Generated_Source\PSoC4/cyfitter_cfg.c **** * Summary:
  89:.\Generated_Source\PSoC4/cyfitter_cfg.c **** *  If an error is encountered during clock configuration (crystal startup error,
  90:.\Generated_Source\PSoC4/cyfitter_cfg.c **** *  PLL lock error, etc.), the system will end up here.  Unless reimplemented by
  91:.\Generated_Source\PSoC4/cyfitter_cfg.c **** *  the customer, this function will stop in an infinite loop.
  92:.\Generated_Source\PSoC4/cyfitter_cfg.c **** *
  93:.\Generated_Source\PSoC4/cyfitter_cfg.c **** * Parameters:
  94:.\Generated_Source\PSoC4/cyfitter_cfg.c **** *   void
  95:.\Generated_Source\PSoC4/cyfitter_cfg.c **** *
  96:.\Generated_Source\PSoC4/cyfitter_cfg.c **** * Return:
  97:.\Generated_Source\PSoC4/cyfitter_cfg.c **** *   void
  98:.\Generated_Source\PSoC4/cyfitter_cfg.c **** *
ARM GAS  C:\Users\Zachary\AppData\Local\Temp\ccUqTawH.s 			page 5


  99:.\Generated_Source\PSoC4/cyfitter_cfg.c **** *******************************************************************************/
 100:.\Generated_Source\PSoC4/cyfitter_cfg.c **** CY_CFG_UNUSED
 101:.\Generated_Source\PSoC4/cyfitter_cfg.c **** static void CyClockStartupError(uint8 errorCode);
 102:.\Generated_Source\PSoC4/cyfitter_cfg.c **** CY_CFG_UNUSED
 103:.\Generated_Source\PSoC4/cyfitter_cfg.c **** static void CyClockStartupError(uint8 errorCode)
 104:.\Generated_Source\PSoC4/cyfitter_cfg.c **** {
 105:.\Generated_Source\PSoC4/cyfitter_cfg.c ****     /* To remove the compiler warning if errorCode not used.                */
 106:.\Generated_Source\PSoC4/cyfitter_cfg.c ****     errorCode = errorCode;
 107:.\Generated_Source\PSoC4/cyfitter_cfg.c **** 
 108:.\Generated_Source\PSoC4/cyfitter_cfg.c ****     /* `#START CyClockStartupError` */
 109:.\Generated_Source\PSoC4/cyfitter_cfg.c **** 
 110:.\Generated_Source\PSoC4/cyfitter_cfg.c ****     /* If we have a clock startup error (bad MHz crystal, PLL lock, etc.),  */
 111:.\Generated_Source\PSoC4/cyfitter_cfg.c ****     /* we will end up here to allow the customer to implement something to  */
 112:.\Generated_Source\PSoC4/cyfitter_cfg.c ****     /* deal with the clock condition.                                       */
 113:.\Generated_Source\PSoC4/cyfitter_cfg.c **** 
 114:.\Generated_Source\PSoC4/cyfitter_cfg.c ****     /* `#END` */
 115:.\Generated_Source\PSoC4/cyfitter_cfg.c **** 
 116:.\Generated_Source\PSoC4/cyfitter_cfg.c ****     /* If nothing else, stop here since the clocks have not started         */
 117:.\Generated_Source\PSoC4/cyfitter_cfg.c ****     /* correctly.                                                           */
 118:.\Generated_Source\PSoC4/cyfitter_cfg.c ****     while(1) {}
 119:.\Generated_Source\PSoC4/cyfitter_cfg.c **** }
 120:.\Generated_Source\PSoC4/cyfitter_cfg.c **** #endif
 121:.\Generated_Source\PSoC4/cyfitter_cfg.c **** 
 122:.\Generated_Source\PSoC4/cyfitter_cfg.c **** 
 123:.\Generated_Source\PSoC4/cyfitter_cfg.c **** /*******************************************************************************
 124:.\Generated_Source\PSoC4/cyfitter_cfg.c **** * Function Name: SetIMOBGTrims
 125:.\Generated_Source\PSoC4/cyfitter_cfg.c **** ********************************************************************************
 126:.\Generated_Source\PSoC4/cyfitter_cfg.c **** *
 127:.\Generated_Source\PSoC4/cyfitter_cfg.c **** * Summary:
 128:.\Generated_Source\PSoC4/cyfitter_cfg.c **** *   Performs the configuration of the bandgap trim for the IMO based on the given
 129:.\Generated_Source\PSoC4/cyfitter_cfg.c **** *   expected frequency of the IMO. 
 130:.\Generated_Source\PSoC4/cyfitter_cfg.c **** *
 131:.\Generated_Source\PSoC4/cyfitter_cfg.c **** * Parameters:
 132:.\Generated_Source\PSoC4/cyfitter_cfg.c **** *   imoFreq: Frequency for operation of the IMO.
 133:.\Generated_Source\PSoC4/cyfitter_cfg.c **** *
 134:.\Generated_Source\PSoC4/cyfitter_cfg.c **** * Return:
 135:.\Generated_Source\PSoC4/cyfitter_cfg.c **** *   void
 136:.\Generated_Source\PSoC4/cyfitter_cfg.c **** *
 137:.\Generated_Source\PSoC4/cyfitter_cfg.c **** *******************************************************************************/
 138:.\Generated_Source\PSoC4/cyfitter_cfg.c **** static void SetIMOBGTrims(uint8 imoFreq);
 139:.\Generated_Source\PSoC4/cyfitter_cfg.c **** CY_CFG_SECTION
 140:.\Generated_Source\PSoC4/cyfitter_cfg.c **** static void SetIMOBGTrims(uint8 imoFreq)
 141:.\Generated_Source\PSoC4/cyfitter_cfg.c **** {
 131              		.loc 1 141 0
 132              		.cfi_startproc
 133 0000 80B5     		push	{r7, lr}
 134              		.cfi_def_cfa_offset 8
 135              		.cfi_offset 7, -8
 136              		.cfi_offset 14, -4
 137 0002 84B0     		sub	sp, sp, #16
 138              		.cfi_def_cfa_offset 24
 139 0004 00AF     		add	r7, sp, #0
 140              		.cfi_def_cfa_register 7
 141 0006 021C     		mov	r2, r0
 142 0008 FB1D     		add	r3, r7, #7
 143 000a 1A70     		strb	r2, [r3]
 142:.\Generated_Source\PSoC4/cyfitter_cfg.c **** 	CYPACKED typedef struct {
ARM GAS  C:\Users\Zachary\AppData\Local\Temp\ccUqTawH.s 			page 6


 143:.\Generated_Source\PSoC4/cyfitter_cfg.c **** 		uint8 freq;
 144:.\Generated_Source\PSoC4/cyfitter_cfg.c **** 		uint8 absolute;
 145:.\Generated_Source\PSoC4/cyfitter_cfg.c **** 		uint8 tmpco;
 146:.\Generated_Source\PSoC4/cyfitter_cfg.c **** 	} CYPACKED_ATTR imo_trim_entry_t;
 147:.\Generated_Source\PSoC4/cyfitter_cfg.c **** 
 148:.\Generated_Source\PSoC4/cyfitter_cfg.c **** 	CYPACKED typedef struct {
 149:.\Generated_Source\PSoC4/cyfitter_cfg.c **** 		imo_trim_entry_t entries[4];
 150:.\Generated_Source\PSoC4/cyfitter_cfg.c **** 	} CYPACKED_ATTR imo_trim_table_t;
 151:.\Generated_Source\PSoC4/cyfitter_cfg.c **** 
 152:.\Generated_Source\PSoC4/cyfitter_cfg.c **** 	static const imo_trim_table_t *imo_trim_table = (const imo_trim_table_t *)CYREG_SFLASH_IMO_MAXF0;
 153:.\Generated_Source\PSoC4/cyfitter_cfg.c **** 	static const uint32 IMO_TRIM_FREQ_TABLE_ENTRIES = sizeof(imo_trim_table->entries)/sizeof(imo_trim_
 154:.\Generated_Source\PSoC4/cyfitter_cfg.c **** 
 155:.\Generated_Source\PSoC4/cyfitter_cfg.c **** 	int32 imoTrimIndex;
 156:.\Generated_Source\PSoC4/cyfitter_cfg.c **** 	uint8 setAbs;
 157:.\Generated_Source\PSoC4/cyfitter_cfg.c **** 	uint8 setTmpCo;
 158:.\Generated_Source\PSoC4/cyfitter_cfg.c **** 
 159:.\Generated_Source\PSoC4/cyfitter_cfg.c **** 	/* Traverse the SFLASH IMO frequency-dependent bandgap trim table to
 160:.\Generated_Source\PSoC4/cyfitter_cfg.c **** 	 * locate the appropriate value to trim the IMO bandgap based on freq. */
 161:.\Generated_Source\PSoC4/cyfitter_cfg.c **** 	setAbs = CY_GET_REG8((const void *)CYREG_SFLASH_IMO_ABS4);
 144              		.loc 1 161 0
 145 000c 204A     		ldr	r2, .L8
 146 000e 3B1C     		mov	r3, r7
 147 0010 0B33     		add	r3, r3, #11
 148 0012 1278     		ldrb	r2, [r2]
 149 0014 1A70     		strb	r2, [r3]
 162:.\Generated_Source\PSoC4/cyfitter_cfg.c **** 	setTmpCo = CY_GET_REG8((const void *)CYREG_SFLASH_IMO_TMPCO4);
 150              		.loc 1 162 0
 151 0016 1F4A     		ldr	r2, .L8+4
 152 0018 3B1C     		mov	r3, r7
 153 001a 0A33     		add	r3, r3, #10
 154 001c 1278     		ldrb	r2, [r2]
 155 001e 1A70     		strb	r2, [r3]
 163:.\Generated_Source\PSoC4/cyfitter_cfg.c **** 	for (imoTrimIndex = ((int32)IMO_TRIM_FREQ_TABLE_ENTRIES)-1;
 156              		.loc 1 163 0
 157 0020 0423     		mov	r3, #4
 158 0022 013B     		sub	r3, r3, #1
 159 0024 FB60     		str	r3, [r7, #12]
 160 0026 18E0     		b	.L5
 161              	.L7:
 164:.\Generated_Source\PSoC4/cyfitter_cfg.c **** 	     (imoTrimIndex >= 0) && (imoFreq <= imo_trim_table->entries[imoTrimIndex].freq);
 165:.\Generated_Source\PSoC4/cyfitter_cfg.c **** 	     imoTrimIndex--)
 166:.\Generated_Source\PSoC4/cyfitter_cfg.c **** 	{
 167:.\Generated_Source\PSoC4/cyfitter_cfg.c **** 		setAbs = imo_trim_table->entries[imoTrimIndex].absolute;
 162              		.loc 1 167 0
 163 0028 1B4B     		ldr	r3, .L8+8
 164 002a 1868     		ldr	r0, [r3]
 165 002c 391C     		mov	r1, r7
 166 002e 0B31     		add	r1, r1, #11
 167 0030 FA68     		ldr	r2, [r7, #12]
 168 0032 131C     		mov	r3, r2
 169 0034 5B00     		lsl	r3, r3, #1
 170 0036 9B18     		add	r3, r3, r2
 171 0038 C318     		add	r3, r0, r3
 172 003a 5B78     		ldrb	r3, [r3, #1]
 173 003c 0B70     		strb	r3, [r1]
 168:.\Generated_Source\PSoC4/cyfitter_cfg.c **** 		setTmpCo = imo_trim_table->entries[imoTrimIndex].tmpco;
 174              		.loc 1 168 0
ARM GAS  C:\Users\Zachary\AppData\Local\Temp\ccUqTawH.s 			page 7


 175 003e 164B     		ldr	r3, .L8+8
 176 0040 1868     		ldr	r0, [r3]
 177 0042 391C     		mov	r1, r7
 178 0044 0A31     		add	r1, r1, #10
 179 0046 FA68     		ldr	r2, [r7, #12]
 180 0048 131C     		mov	r3, r2
 181 004a 5B00     		lsl	r3, r3, #1
 182 004c 9B18     		add	r3, r3, r2
 183 004e C318     		add	r3, r0, r3
 184 0050 9B78     		ldrb	r3, [r3, #2]
 185 0052 0B70     		strb	r3, [r1]
 165:.\Generated_Source\PSoC4/cyfitter_cfg.c **** 	     imoTrimIndex--)
 186              		.loc 1 165 0
 187 0054 FB68     		ldr	r3, [r7, #12]
 188 0056 013B     		sub	r3, r3, #1
 189 0058 FB60     		str	r3, [r7, #12]
 190              	.L5:
 163:.\Generated_Source\PSoC4/cyfitter_cfg.c **** 	for (imoTrimIndex = ((int32)IMO_TRIM_FREQ_TABLE_ENTRIES)-1;
 191              		.loc 1 163 0 discriminator 1
 192 005a FB68     		ldr	r3, [r7, #12]
 193 005c 002B     		cmp	r3, #0
 194 005e 0ADB     		blt	.L6
 164:.\Generated_Source\PSoC4/cyfitter_cfg.c **** 	     (imoTrimIndex >= 0) && (imoFreq <= imo_trim_table->entries[imoTrimIndex].freq);
 195              		.loc 1 164 0
 196 0060 0D4B     		ldr	r3, .L8+8
 197 0062 1968     		ldr	r1, [r3]
 198 0064 FA68     		ldr	r2, [r7, #12]
 199 0066 131C     		mov	r3, r2
 200 0068 5B00     		lsl	r3, r3, #1
 201 006a 9B18     		add	r3, r3, r2
 202 006c 5B5C     		ldrb	r3, [r3, r1]
 203 006e FA1D     		add	r2, r7, #7
 204 0070 1278     		ldrb	r2, [r2]
 205 0072 9A42     		cmp	r2, r3
 206 0074 D8D9     		bls	.L7
 207              	.L6:
 169:.\Generated_Source\PSoC4/cyfitter_cfg.c **** 	}
 170:.\Generated_Source\PSoC4/cyfitter_cfg.c **** 
 171:.\Generated_Source\PSoC4/cyfitter_cfg.c **** 	CY_SET_REG32((void *)CYREG_PWR_BG_TRIM4, setAbs);
 208              		.loc 1 171 0
 209 0076 094B     		ldr	r3, .L8+12
 210 0078 3A1C     		mov	r2, r7
 211 007a 0B32     		add	r2, r2, #11
 212 007c 1278     		ldrb	r2, [r2]
 213 007e 1A60     		str	r2, [r3]
 172:.\Generated_Source\PSoC4/cyfitter_cfg.c **** 	CY_SET_REG32((void *)CYREG_PWR_BG_TRIM5, setTmpCo);
 214              		.loc 1 172 0
 215 0080 074B     		ldr	r3, .L8+16
 216 0082 3A1C     		mov	r2, r7
 217 0084 0A32     		add	r2, r2, #10
 218 0086 1278     		ldrb	r2, [r2]
 219 0088 1A60     		str	r2, [r3]
 173:.\Generated_Source\PSoC4/cyfitter_cfg.c **** }
 220              		.loc 1 173 0
 221 008a BD46     		mov	sp, r7
 222 008c 04B0     		add	sp, sp, #16
 223              		@ sp needed
ARM GAS  C:\Users\Zachary\AppData\Local\Temp\ccUqTawH.s 			page 8


 224 008e 80BD     		pop	{r7, pc}
 225              	.L9:
 226              		.align	2
 227              	.L8:
 228 0090 CCF1FF0F 		.word	268431820
 229 0094 CDF1FF0F 		.word	268431821
 230 0098 00000000 		.word	imo_trim_table.4717
 231 009c 1CFF0B40 		.word	1074528028
 232 00a0 20FF0B40 		.word	1074528032
 233              		.cfi_endproc
 234              	.LFE5:
 235              		.size	SetIMOBGTrims, .-SetIMOBGTrims
 236              		.align	2
 237              		.code	16
 238              		.thumb_func
 239              		.type	ClockSetup, %function
 240              	ClockSetup:
 241              	.LFB6:
 174:.\Generated_Source\PSoC4/cyfitter_cfg.c **** 
 175:.\Generated_Source\PSoC4/cyfitter_cfg.c **** 
 176:.\Generated_Source\PSoC4/cyfitter_cfg.c **** 
 177:.\Generated_Source\PSoC4/cyfitter_cfg.c **** /*******************************************************************************
 178:.\Generated_Source\PSoC4/cyfitter_cfg.c **** * Function Name: ClockSetup
 179:.\Generated_Source\PSoC4/cyfitter_cfg.c **** ********************************************************************************
 180:.\Generated_Source\PSoC4/cyfitter_cfg.c **** *
 181:.\Generated_Source\PSoC4/cyfitter_cfg.c **** * Summary:
 182:.\Generated_Source\PSoC4/cyfitter_cfg.c **** *   Performs the initialization of all of the clocks in the device based on the
 183:.\Generated_Source\PSoC4/cyfitter_cfg.c **** *   settings in the Clock tab of the DWR.  This includes enabling the requested
 184:.\Generated_Source\PSoC4/cyfitter_cfg.c **** *   clocks and setting the necessary dividers to produce the desired frequency. 
 185:.\Generated_Source\PSoC4/cyfitter_cfg.c **** *
 186:.\Generated_Source\PSoC4/cyfitter_cfg.c **** * Parameters:
 187:.\Generated_Source\PSoC4/cyfitter_cfg.c **** *   void
 188:.\Generated_Source\PSoC4/cyfitter_cfg.c **** *
 189:.\Generated_Source\PSoC4/cyfitter_cfg.c **** * Return:
 190:.\Generated_Source\PSoC4/cyfitter_cfg.c **** *   void
 191:.\Generated_Source\PSoC4/cyfitter_cfg.c **** *
 192:.\Generated_Source\PSoC4/cyfitter_cfg.c **** *******************************************************************************/
 193:.\Generated_Source\PSoC4/cyfitter_cfg.c **** static void ClockSetup(void);
 194:.\Generated_Source\PSoC4/cyfitter_cfg.c **** CY_CFG_SECTION
 195:.\Generated_Source\PSoC4/cyfitter_cfg.c **** static void ClockSetup(void)
 196:.\Generated_Source\PSoC4/cyfitter_cfg.c **** {
 242              		.loc 1 196 0
 243              		.cfi_startproc
 244 00a4 80B5     		push	{r7, lr}
 245              		.cfi_def_cfa_offset 8
 246              		.cfi_offset 7, -8
 247              		.cfi_offset 14, -4
 248 00a6 00AF     		add	r7, sp, #0
 249              		.cfi_def_cfa_register 7
 197:.\Generated_Source\PSoC4/cyfitter_cfg.c **** 
 198:.\Generated_Source\PSoC4/cyfitter_cfg.c **** 	/* Set Flash Cycles based on max possible frequency in case a glitch occurs during ClockSetup(). *
 199:.\Generated_Source\PSoC4/cyfitter_cfg.c **** 	CY_SET_REG32((void CYXDATA *)(CYREG_CPUSS_FLASH_CTL), (0x0012u));
 250              		.loc 1 199 0
 251 00a8 234B     		ldr	r3, .L11
 252 00aa 1222     		mov	r2, #18
 253 00ac 1A60     		str	r2, [r3]
 200:.\Generated_Source\PSoC4/cyfitter_cfg.c **** 	/* Trim IMO BG based on desired frequency. */
ARM GAS  C:\Users\Zachary\AppData\Local\Temp\ccUqTawH.s 			page 9


 201:.\Generated_Source\PSoC4/cyfitter_cfg.c **** 	SetIMOBGTrims(48u);
 254              		.loc 1 201 0
 255 00ae 3020     		mov	r0, #48
 256 00b0 FFF7A6FF 		bl	SetIMOBGTrims
 202:.\Generated_Source\PSoC4/cyfitter_cfg.c **** 
 203:.\Generated_Source\PSoC4/cyfitter_cfg.c **** 	/* Going faster than 24MHz, so update trim value then adjust to new clock speed. */
 204:.\Generated_Source\PSoC4/cyfitter_cfg.c **** 	CY_SET_REG32((void CYXDATA *)(CYREG_CLK_IMO_TRIM1), (CY_GET_REG8((void *)CYREG_SFLASH_IMO_TRIM45))
 257              		.loc 1 204 0
 258 00b4 214B     		ldr	r3, .L11+4
 259 00b6 224A     		ldr	r2, .L11+8
 260 00b8 1278     		ldrb	r2, [r2]
 261 00ba D2B2     		uxtb	r2, r2
 262 00bc 1A60     		str	r2, [r3]
 205:.\Generated_Source\PSoC4/cyfitter_cfg.c **** 	CyDelayUs(5u);
 263              		.loc 1 205 0
 264 00be 0520     		mov	r0, #5
 265 00c0 FFF7FEFF 		bl	CyDelayUs
 206:.\Generated_Source\PSoC4/cyfitter_cfg.c **** 	CY_SET_REG32((void CYXDATA *)(CYREG_CLK_IMO_TRIM2), (53u));
 266              		.loc 1 206 0
 267 00c4 1F4B     		ldr	r3, .L11+12
 268 00c6 3522     		mov	r2, #53
 269 00c8 1A60     		str	r2, [r3]
 207:.\Generated_Source\PSoC4/cyfitter_cfg.c **** 
 208:.\Generated_Source\PSoC4/cyfitter_cfg.c **** 	/* Start the WCO */
 209:.\Generated_Source\PSoC4/cyfitter_cfg.c **** 	CySysClkWcoStart();
 270              		.loc 1 209 0
 271 00ca FFF7FEFF 		bl	CySysClkWcoStart
 210:.\Generated_Source\PSoC4/cyfitter_cfg.c **** 	CyDelay(500u); /* WCO may take up to 500ms to start */
 272              		.loc 1 210 0
 273 00ce FA23     		mov	r3, #250
 274 00d0 5B00     		lsl	r3, r3, #1
 275 00d2 181C     		mov	r0, r3
 276 00d4 FFF7FEFF 		bl	CyDelay
 211:.\Generated_Source\PSoC4/cyfitter_cfg.c **** 	(void)CySysClkWcoSetPowerMode(CY_SYS_CLK_WCO_LPM);    /* Switch to the low power mode */
 277              		.loc 1 211 0
 278 00d8 0120     		mov	r0, #1
 279 00da FFF7FEFF 		bl	CySysClkWcoSetPowerMode
 212:.\Generated_Source\PSoC4/cyfitter_cfg.c **** 	/* CYDEV_CLK_ILO_CONFIG Starting address: CYDEV_CLK_ILO_CONFIG */
 213:.\Generated_Source\PSoC4/cyfitter_cfg.c **** 	CY_SET_XTND_REG32((void CYFAR *)(CYREG_CLK_ILO_CONFIG), 0x80000006u);
 280              		.loc 1 213 0
 281 00de 1A4B     		ldr	r3, .L11+16
 282 00e0 1A4A     		ldr	r2, .L11+20
 283 00e2 1A60     		str	r2, [r3]
 214:.\Generated_Source\PSoC4/cyfitter_cfg.c **** 
 215:.\Generated_Source\PSoC4/cyfitter_cfg.c **** 	/* CYDEV_WDT_CONFIG Starting address: CYDEV_WDT_CONFIG */
 216:.\Generated_Source\PSoC4/cyfitter_cfg.c **** 	CY_SET_XTND_REG32((void CYFAR *)(CYREG_WDT_CONFIG), 0x40000000u);
 284              		.loc 1 216 0
 285 00e4 1A4B     		ldr	r3, .L11+24
 286 00e6 8022     		mov	r2, #128
 287 00e8 D205     		lsl	r2, r2, #23
 288 00ea 1A60     		str	r2, [r3]
 217:.\Generated_Source\PSoC4/cyfitter_cfg.c **** 
 218:.\Generated_Source\PSoC4/cyfitter_cfg.c **** 
 219:.\Generated_Source\PSoC4/cyfitter_cfg.c **** 	CY_SET_XTND_REG32((void CYFAR *)(CYREG_BLE_BLERD_BB_XO_CAPTRIM), 0x00003E2Du);
 289              		.loc 1 219 0
 290 00ec 194B     		ldr	r3, .L11+28
 291 00ee 1A4A     		ldr	r2, .L11+32
ARM GAS  C:\Users\Zachary\AppData\Local\Temp\ccUqTawH.s 			page 10


 292 00f0 1A60     		str	r2, [r3]
 220:.\Generated_Source\PSoC4/cyfitter_cfg.c **** 	/* Disable Crystal Stable Interrupt before enabling ECO */
 221:.\Generated_Source\PSoC4/cyfitter_cfg.c **** 	CY_SET_REG32((void*)CYREG_BLE_BLESS_LL_DSM_CTRL, CY_GET_REG32((void*)CYREG_BLE_BLESS_LL_DSM_CTRL) 
 293              		.loc 1 221 0
 294 00f2 1A4B     		ldr	r3, .L11+36
 295 00f4 194A     		ldr	r2, .L11+36
 296 00f6 1268     		ldr	r2, [r2]
 297 00f8 0821     		mov	r1, #8
 298 00fa 8A43     		bic	r2, r1
 299 00fc 1A60     		str	r2, [r3]
 222:.\Generated_Source\PSoC4/cyfitter_cfg.c **** 	/* Start the ECO and do not check status since it is not needed for HFCLK */
 223:.\Generated_Source\PSoC4/cyfitter_cfg.c **** 	(void)CySysClkEcoStart(2000u);
 300              		.loc 1 223 0
 301 00fe FA23     		mov	r3, #250
 302 0100 DB00     		lsl	r3, r3, #3
 303 0102 181C     		mov	r0, r3
 304 0104 FFF7FEFF 		bl	CySysClkEcoStart
 224:.\Generated_Source\PSoC4/cyfitter_cfg.c **** 	CyDelayUs(1500u); /* Wait to stabalize */
 305              		.loc 1 224 0
 306 0108 154B     		ldr	r3, .L11+40
 307 010a 181C     		mov	r0, r3
 308 010c FFF7FEFF 		bl	CyDelayUs
 225:.\Generated_Source\PSoC4/cyfitter_cfg.c **** 
 226:.\Generated_Source\PSoC4/cyfitter_cfg.c **** 	/* Setup phase aligned clocks */
 227:.\Generated_Source\PSoC4/cyfitter_cfg.c **** 	CY_SET_REG32((void *)CYREG_PERI_DIV_16_CTL00, 0x00BB7F00u);
 309              		.loc 1 227 0
 310 0110 144B     		ldr	r3, .L11+44
 311 0112 154A     		ldr	r2, .L11+48
 312 0114 1A60     		str	r2, [r3]
 228:.\Generated_Source\PSoC4/cyfitter_cfg.c **** 	CY_SET_REG32((void *)CYREG_PERI_DIV_CMD, 0x8000FF40u);
 313              		.loc 1 228 0
 314 0116 154B     		ldr	r3, .L11+52
 315 0118 154A     		ldr	r2, .L11+56
 316 011a 1A60     		str	r2, [r3]
 229:.\Generated_Source\PSoC4/cyfitter_cfg.c **** 
 230:.\Generated_Source\PSoC4/cyfitter_cfg.c **** 	/* CYDEV_CLK_IMO_CONFIG Starting address: CYDEV_CLK_IMO_CONFIG */
 231:.\Generated_Source\PSoC4/cyfitter_cfg.c **** 	CY_SET_XTND_REG32((void CYFAR *)(CYREG_CLK_IMO_CONFIG), 0x80000000u);
 317              		.loc 1 231 0
 318 011c 154B     		ldr	r3, .L11+60
 319 011e 8022     		mov	r2, #128
 320 0120 1206     		lsl	r2, r2, #24
 321 0122 1A60     		str	r2, [r3]
 232:.\Generated_Source\PSoC4/cyfitter_cfg.c **** 
 233:.\Generated_Source\PSoC4/cyfitter_cfg.c **** 	/* CYDEV_CLK_SELECT Starting address: CYDEV_CLK_SELECT */
 234:.\Generated_Source\PSoC4/cyfitter_cfg.c **** 	CY_SET_XTND_REG32((void CYFAR *)(CYREG_CLK_SELECT), 0x00040000u);
 322              		.loc 1 234 0
 323 0124 144B     		ldr	r3, .L11+64
 324 0126 8022     		mov	r2, #128
 325 0128 D202     		lsl	r2, r2, #11
 326 012a 1A60     		str	r2, [r3]
 235:.\Generated_Source\PSoC4/cyfitter_cfg.c **** 
 236:.\Generated_Source\PSoC4/cyfitter_cfg.c **** 	/* CYDEV_PERI_PCLK_CTL07 Starting address: CYDEV_PERI_PCLK_CTL07 */
 237:.\Generated_Source\PSoC4/cyfitter_cfg.c **** 	CY_SET_XTND_REG32((void CYFAR *)(CYREG_PERI_PCLK_CTL07), 0x00000040u);
 327              		.loc 1 237 0
 328 012c 134B     		ldr	r3, .L11+68
 329 012e 4022     		mov	r2, #64
 330 0130 1A60     		str	r2, [r3]
ARM GAS  C:\Users\Zachary\AppData\Local\Temp\ccUqTawH.s 			page 11


 238:.\Generated_Source\PSoC4/cyfitter_cfg.c **** 
 239:.\Generated_Source\PSoC4/cyfitter_cfg.c **** }
 331              		.loc 1 239 0
 332 0132 BD46     		mov	sp, r7
 333              		@ sp needed
 334 0134 80BD     		pop	{r7, pc}
 335              	.L12:
 336 0136 C046     		.align	2
 337              	.L11:
 338 0138 30001040 		.word	1074790448
 339 013c 28FF0B40 		.word	1074528040
 340 0140 FDF1FF0F 		.word	268431869
 341 0144 2CFF0B40 		.word	1074528044
 342 0148 04010B40 		.word	1074462980
 343 014c 06000080 		.word	-2147483642
 344 0150 0C020B40 		.word	1074463244
 345 0154 7C002E40 		.word	1076756604
 346 0158 2D3E0000 		.word	15917
 347 015c 6CF02E40 		.word	1076818028
 348 0160 DC050000 		.word	1500
 349 0164 00030140 		.word	1073808128
 350 0168 007FBB00 		.word	12287744
 351 016c 00000140 		.word	1073807360
 352 0170 40FF0080 		.word	-2147418304
 353 0174 08010B40 		.word	1074462984
 354 0178 00010B40 		.word	1074462976
 355 017c 1C010140 		.word	1073807644
 356              		.cfi_endproc
 357              	.LFE6:
 358              		.size	ClockSetup, .-ClockSetup
 359              		.section	.text.AnalogSetDefault,"ax",%progbits
 360              		.align	2
 361              		.code	16
 362              		.thumb_func
 363              		.type	AnalogSetDefault, %function
 364              	AnalogSetDefault:
 365              	.LFB7:
 240:.\Generated_Source\PSoC4/cyfitter_cfg.c **** 
 241:.\Generated_Source\PSoC4/cyfitter_cfg.c **** 
 242:.\Generated_Source\PSoC4/cyfitter_cfg.c **** /* Analog API Functions */
 243:.\Generated_Source\PSoC4/cyfitter_cfg.c **** 
 244:.\Generated_Source\PSoC4/cyfitter_cfg.c **** 
 245:.\Generated_Source\PSoC4/cyfitter_cfg.c **** /*******************************************************************************
 246:.\Generated_Source\PSoC4/cyfitter_cfg.c **** * Function Name: AnalogSetDefault
 247:.\Generated_Source\PSoC4/cyfitter_cfg.c **** ********************************************************************************
 248:.\Generated_Source\PSoC4/cyfitter_cfg.c **** *
 249:.\Generated_Source\PSoC4/cyfitter_cfg.c **** * Summary:
 250:.\Generated_Source\PSoC4/cyfitter_cfg.c **** *  Sets up the analog portions of the chip to default values based on chip
 251:.\Generated_Source\PSoC4/cyfitter_cfg.c **** *  configuration options from the project.
 252:.\Generated_Source\PSoC4/cyfitter_cfg.c **** *
 253:.\Generated_Source\PSoC4/cyfitter_cfg.c **** * Parameters:
 254:.\Generated_Source\PSoC4/cyfitter_cfg.c **** *  void
 255:.\Generated_Source\PSoC4/cyfitter_cfg.c **** *
 256:.\Generated_Source\PSoC4/cyfitter_cfg.c **** * Return:
 257:.\Generated_Source\PSoC4/cyfitter_cfg.c **** *  void
 258:.\Generated_Source\PSoC4/cyfitter_cfg.c **** *
 259:.\Generated_Source\PSoC4/cyfitter_cfg.c **** *******************************************************************************/
ARM GAS  C:\Users\Zachary\AppData\Local\Temp\ccUqTawH.s 			page 12


 260:.\Generated_Source\PSoC4/cyfitter_cfg.c **** static void AnalogSetDefault(void);
 261:.\Generated_Source\PSoC4/cyfitter_cfg.c **** static void AnalogSetDefault(void)
 262:.\Generated_Source\PSoC4/cyfitter_cfg.c **** {
 366              		.loc 1 262 0
 367              		.cfi_startproc
 368 0000 80B5     		push	{r7, lr}
 369              		.cfi_def_cfa_offset 8
 370              		.cfi_offset 7, -8
 371              		.cfi_offset 14, -4
 372 0002 00AF     		add	r7, sp, #0
 373              		.cfi_def_cfa_register 7
 263:.\Generated_Source\PSoC4/cyfitter_cfg.c **** 	CY_SET_XTND_REG32((void CYFAR *)CYREG_CTBM0_DFT_CTRL, 0x00000003u);
 374              		.loc 1 263 0
 375 0004 054B     		ldr	r3, .L14
 376 0006 0322     		mov	r2, #3
 377 0008 1A60     		str	r2, [r3]
 264:.\Generated_Source\PSoC4/cyfitter_cfg.c **** 	CY_SET_XTND_REG32((void CYFAR *)CYREG_CTBM1_DFT_CTRL, 0x00000003u);
 378              		.loc 1 264 0
 379 000a 054B     		ldr	r3, .L14+4
 380 000c 0322     		mov	r2, #3
 381 000e 1A60     		str	r2, [r3]
 265:.\Generated_Source\PSoC4/cyfitter_cfg.c **** 	CY_SET_XTND_REG32((void CYFAR *)CYREG_PASS_DSAB_DSAB_CTRL, 0x00000000u);
 382              		.loc 1 265 0
 383 0010 044B     		ldr	r3, .L14+8
 384 0012 0022     		mov	r2, #0
 385 0014 1A60     		str	r2, [r3]
 266:.\Generated_Source\PSoC4/cyfitter_cfg.c **** }
 386              		.loc 1 266 0
 387 0016 BD46     		mov	sp, r7
 388              		@ sp needed
 389 0018 80BD     		pop	{r7, pc}
 390              	.L15:
 391 001a C046     		.align	2
 392              	.L14:
 393 001c 30003040 		.word	1076887600
 394 0020 30003140 		.word	1076953136
 395 0024 000E3F40 		.word	1077874176
 396              		.cfi_endproc
 397              	.LFE7:
 398              		.size	AnalogSetDefault, .-AnalogSetDefault
 399              		.section	.psocinit
 400              		.align	2
 401              		.global	cyfitter_cfg
 402              		.code	16
 403              		.thumb_func
 404              		.type	cyfitter_cfg, %function
 405              	cyfitter_cfg:
 406              	.LFB8:
 267:.\Generated_Source\PSoC4/cyfitter_cfg.c **** 
 268:.\Generated_Source\PSoC4/cyfitter_cfg.c **** #define CY_AMUX_UNUSED CYREG_CM0_ROM_DWT
 269:.\Generated_Source\PSoC4/cyfitter_cfg.c **** 
 270:.\Generated_Source\PSoC4/cyfitter_cfg.c **** 
 271:.\Generated_Source\PSoC4/cyfitter_cfg.c **** /*******************************************************************************
 272:.\Generated_Source\PSoC4/cyfitter_cfg.c **** * Function Name: cyfitter_cfg
 273:.\Generated_Source\PSoC4/cyfitter_cfg.c **** ********************************************************************************
 274:.\Generated_Source\PSoC4/cyfitter_cfg.c **** * Summary:
 275:.\Generated_Source\PSoC4/cyfitter_cfg.c **** *  This function is called by the start-up code for the selected device. It
ARM GAS  C:\Users\Zachary\AppData\Local\Temp\ccUqTawH.s 			page 13


 276:.\Generated_Source\PSoC4/cyfitter_cfg.c **** *  performs all of the necessary device configuration based on the design
 277:.\Generated_Source\PSoC4/cyfitter_cfg.c **** *  settings.  This includes settings from the Design Wide Resources (DWR) such
 278:.\Generated_Source\PSoC4/cyfitter_cfg.c **** *  as Clocks and Pins as well as any component configuration that is necessary.
 279:.\Generated_Source\PSoC4/cyfitter_cfg.c **** *
 280:.\Generated_Source\PSoC4/cyfitter_cfg.c **** * Parameters:  
 281:.\Generated_Source\PSoC4/cyfitter_cfg.c **** *   void
 282:.\Generated_Source\PSoC4/cyfitter_cfg.c **** *
 283:.\Generated_Source\PSoC4/cyfitter_cfg.c **** * Return:
 284:.\Generated_Source\PSoC4/cyfitter_cfg.c **** *   void
 285:.\Generated_Source\PSoC4/cyfitter_cfg.c **** *
 286:.\Generated_Source\PSoC4/cyfitter_cfg.c **** *******************************************************************************/
 287:.\Generated_Source\PSoC4/cyfitter_cfg.c **** CY_CFG_SECTION
 288:.\Generated_Source\PSoC4/cyfitter_cfg.c **** void cyfitter_cfg(void)
 289:.\Generated_Source\PSoC4/cyfitter_cfg.c **** {
 407              		.loc 1 289 0
 408              		.cfi_startproc
 409 0180 80B5     		push	{r7, lr}
 410              		.cfi_def_cfa_offset 8
 411              		.cfi_offset 7, -8
 412              		.cfi_offset 14, -4
 413 0182 82B0     		sub	sp, sp, #8
 414              		.cfi_def_cfa_offset 16
 415 0184 00AF     		add	r7, sp, #0
 416              		.cfi_def_cfa_register 7
 290:.\Generated_Source\PSoC4/cyfitter_cfg.c **** 	/* Disable interrupts by default. Let user enable if/when they want. */
 291:.\Generated_Source\PSoC4/cyfitter_cfg.c **** 	CyGlobalIntDisable;
 417              		.loc 1 291 0
 418              	@ 291 ".\Generated_Source\PSoC4\cyfitter_cfg.c" 1
 419 0186 72B6     		CPSID   i
 420              	@ 0 "" 2
 292:.\Generated_Source\PSoC4/cyfitter_cfg.c **** 
 293:.\Generated_Source\PSoC4/cyfitter_cfg.c **** 	CY_SET_XTND_REG32((void CYFAR *)(CYREG_BLE_BLESS_LL_DSM_CTRL), 0x00000000u);
 421              		.loc 1 293 0
 422              		.code	16
 423 0188 394B     		ldr	r3, .L19
 424 018a 0022     		mov	r2, #0
 425 018c 1A60     		str	r2, [r3]
 426              	.LBB2:
 294:.\Generated_Source\PSoC4/cyfitter_cfg.c **** 
 295:.\Generated_Source\PSoC4/cyfitter_cfg.c **** 	{
 296:.\Generated_Source\PSoC4/cyfitter_cfg.c **** 
 297:.\Generated_Source\PSoC4/cyfitter_cfg.c **** 		CYPACKED typedef struct {
 298:.\Generated_Source\PSoC4/cyfitter_cfg.c **** 			void CYFAR *address;
 299:.\Generated_Source\PSoC4/cyfitter_cfg.c **** 			uint16 size;
 300:.\Generated_Source\PSoC4/cyfitter_cfg.c **** 		} CYPACKED_ATTR cfg_memset_t;
 301:.\Generated_Source\PSoC4/cyfitter_cfg.c **** 
 302:.\Generated_Source\PSoC4/cyfitter_cfg.c **** 		static const cfg_memset_t CYCODE cfg_memset_list [] = {
 303:.\Generated_Source\PSoC4/cyfitter_cfg.c **** 			/* address, size */
 304:.\Generated_Source\PSoC4/cyfitter_cfg.c **** 			{(void CYFAR *)(CYDEV_UDB_P0_U0_BASE), 1024u},
 305:.\Generated_Source\PSoC4/cyfitter_cfg.c **** 			{(void CYFAR *)(CYDEV_UDB_DSI0_BASE), 1024u},
 306:.\Generated_Source\PSoC4/cyfitter_cfg.c **** 		};
 307:.\Generated_Source\PSoC4/cyfitter_cfg.c **** 
 308:.\Generated_Source\PSoC4/cyfitter_cfg.c **** 		uint8 CYDATA i;
 309:.\Generated_Source\PSoC4/cyfitter_cfg.c **** 
 310:.\Generated_Source\PSoC4/cyfitter_cfg.c **** 		/* Zero out critical memory blocks before beginning configuration */
 311:.\Generated_Source\PSoC4/cyfitter_cfg.c **** 		for (i = 0u; i < (sizeof(cfg_memset_list)/sizeof(cfg_memset_list[0])); i++)
 427              		.loc 1 311 0
ARM GAS  C:\Users\Zachary\AppData\Local\Temp\ccUqTawH.s 			page 14


 428 018e FB1D     		add	r3, r7, #7
 429 0190 0022     		mov	r2, #0
 430 0192 1A70     		strb	r2, [r3]
 431 0194 23E0     		b	.L17
 432              	.L18:
 433              	.LBB3:
 312:.\Generated_Source\PSoC4/cyfitter_cfg.c **** 		{
 313:.\Generated_Source\PSoC4/cyfitter_cfg.c **** 			const cfg_memset_t CYCODE * CYDATA ms = &cfg_memset_list[i];
 434              		.loc 1 313 0 discriminator 2
 435 0196 FB1D     		add	r3, r7, #7
 436 0198 1A78     		ldrb	r2, [r3]
 437 019a 131C     		mov	r3, r2
 438 019c 5B00     		lsl	r3, r3, #1
 439 019e 9B18     		add	r3, r3, r2
 440 01a0 5B00     		lsl	r3, r3, #1
 441 01a2 344A     		ldr	r2, .L19+4
 442 01a4 9B18     		add	r3, r3, r2
 443 01a6 3B60     		str	r3, [r7]
 314:.\Generated_Source\PSoC4/cyfitter_cfg.c **** 			CYMEMZERO(ms->address, (size_t)(uint32)(ms->size));
 444              		.loc 1 314 0 discriminator 2
 445 01a8 3B68     		ldr	r3, [r7]
 446 01aa 1A78     		ldrb	r2, [r3]
 447 01ac 5978     		ldrb	r1, [r3, #1]
 448 01ae 0902     		lsl	r1, r1, #8
 449 01b0 0A43     		orr	r2, r1
 450 01b2 9978     		ldrb	r1, [r3, #2]
 451 01b4 0904     		lsl	r1, r1, #16
 452 01b6 0A43     		orr	r2, r1
 453 01b8 DB78     		ldrb	r3, [r3, #3]
 454 01ba 1B06     		lsl	r3, r3, #24
 455 01bc 1343     		orr	r3, r2
 456 01be 1A1C     		mov	r2, r3
 457 01c0 3B68     		ldr	r3, [r7]
 458 01c2 1979     		ldrb	r1, [r3, #4]
 459 01c4 5B79     		ldrb	r3, [r3, #5]
 460 01c6 1B02     		lsl	r3, r3, #8
 461 01c8 0B43     		orr	r3, r1
 462 01ca 9BB2     		uxth	r3, r3
 463 01cc 101C     		mov	r0, r2
 464 01ce 191C     		mov	r1, r3
 465 01d0 FFF7FEFF 		bl	CYMEMZERO
 466              	.LBE3:
 311:.\Generated_Source\PSoC4/cyfitter_cfg.c **** 		for (i = 0u; i < (sizeof(cfg_memset_list)/sizeof(cfg_memset_list[0])); i++)
 467              		.loc 1 311 0 discriminator 2
 468 01d4 FB1D     		add	r3, r7, #7
 469 01d6 1A78     		ldrb	r2, [r3]
 470 01d8 FB1D     		add	r3, r7, #7
 471 01da 0132     		add	r2, r2, #1
 472 01dc 1A70     		strb	r2, [r3]
 473              	.L17:
 311:.\Generated_Source\PSoC4/cyfitter_cfg.c **** 		for (i = 0u; i < (sizeof(cfg_memset_list)/sizeof(cfg_memset_list[0])); i++)
 474              		.loc 1 311 0 is_stmt 0 discriminator 1
 475 01de FB1D     		add	r3, r7, #7
 476 01e0 1B78     		ldrb	r3, [r3]
 477 01e2 012B     		cmp	r3, #1
 478 01e4 D7D9     		bls	.L18
 315:.\Generated_Source\PSoC4/cyfitter_cfg.c **** 		}
ARM GAS  C:\Users\Zachary\AppData\Local\Temp\ccUqTawH.s 			page 15


 316:.\Generated_Source\PSoC4/cyfitter_cfg.c **** 
 317:.\Generated_Source\PSoC4/cyfitter_cfg.c **** 		/* HSIOM Starting address: CYDEV_HSIOM_BASE */
 318:.\Generated_Source\PSoC4/cyfitter_cfg.c **** 		CY_SET_XTND_REG32((void CYFAR *)(CYDEV_HSIOM_BASE), 0xEE000000u);
 479              		.loc 1 318 0 is_stmt 1
 480 01e6 244B     		ldr	r3, .L19+8
 481 01e8 EE22     		mov	r2, #238
 482 01ea 1206     		lsl	r2, r2, #24
 483 01ec 1A60     		str	r2, [r3]
 319:.\Generated_Source\PSoC4/cyfitter_cfg.c **** 
 320:.\Generated_Source\PSoC4/cyfitter_cfg.c **** 		/* IOPINS0_0 Starting address: CYDEV_GPIO_PRT0_DR */
 321:.\Generated_Source\PSoC4/cyfitter_cfg.c **** 		CY_SET_XTND_REG32((void CYFAR *)(CYREG_GPIO_PRT0_PC), 0x00D80000u);
 484              		.loc 1 321 0
 485 01ee 234B     		ldr	r3, .L19+12
 486 01f0 D822     		mov	r2, #216
 487 01f2 1204     		lsl	r2, r2, #16
 488 01f4 1A60     		str	r2, [r3]
 322:.\Generated_Source\PSoC4/cyfitter_cfg.c **** 
 323:.\Generated_Source\PSoC4/cyfitter_cfg.c **** 		/* IOPINS0_2 Starting address: CYDEV_GPIO_PRT2_DR */
 324:.\Generated_Source\PSoC4/cyfitter_cfg.c **** 		CY_SET_XTND_REG32((void CYFAR *)(CYREG_GPIO_PRT2_DR), 0x00000040u);
 489              		.loc 1 324 0
 490 01f6 224B     		ldr	r3, .L19+16
 491 01f8 4022     		mov	r2, #64
 492 01fa 1A60     		str	r2, [r3]
 325:.\Generated_Source\PSoC4/cyfitter_cfg.c **** 		CY_SET_XTND_REG32((void CYFAR *)(CYREG_GPIO_PRT2_PC), 0x00180000u);
 493              		.loc 1 325 0
 494 01fc 214B     		ldr	r3, .L19+20
 495 01fe C022     		mov	r2, #192
 496 0200 5203     		lsl	r2, r2, #13
 497 0202 1A60     		str	r2, [r3]
 326:.\Generated_Source\PSoC4/cyfitter_cfg.c **** 
 327:.\Generated_Source\PSoC4/cyfitter_cfg.c **** 		/* IOPINS0_3 Starting address: CYDEV_GPIO_PRT3_DR */
 328:.\Generated_Source\PSoC4/cyfitter_cfg.c **** 		CY_SET_XTND_REG32((void CYFAR *)(CYREG_GPIO_PRT3_DR), 0x000000C0u);
 498              		.loc 1 328 0
 499 0204 204B     		ldr	r3, .L19+24
 500 0206 C022     		mov	r2, #192
 501 0208 1A60     		str	r2, [r3]
 329:.\Generated_Source\PSoC4/cyfitter_cfg.c **** 		CY_SET_XTND_REG32((void CYFAR *)(CYREG_GPIO_PRT3_PC), 0x00D80000u);
 502              		.loc 1 329 0
 503 020a 204B     		ldr	r3, .L19+28
 504 020c D822     		mov	r2, #216
 505 020e 1204     		lsl	r2, r2, #16
 506 0210 1A60     		str	r2, [r3]
 330:.\Generated_Source\PSoC4/cyfitter_cfg.c **** 
 331:.\Generated_Source\PSoC4/cyfitter_cfg.c **** 		/* UDB_PA_0 Starting address: CYDEV_UDB_PA0_BASE */
 332:.\Generated_Source\PSoC4/cyfitter_cfg.c **** 		CY_SET_XTND_REG32((void CYFAR *)(CYDEV_UDB_PA0_BASE), 0x00990000u);
 507              		.loc 1 332 0
 508 0212 1F4B     		ldr	r3, .L19+32
 509 0214 9922     		mov	r2, #153
 510 0216 1204     		lsl	r2, r2, #16
 511 0218 1A60     		str	r2, [r3]
 333:.\Generated_Source\PSoC4/cyfitter_cfg.c **** 
 334:.\Generated_Source\PSoC4/cyfitter_cfg.c **** 		/* UDB_PA_2 Starting address: CYDEV_UDB_PA2_BASE */
 335:.\Generated_Source\PSoC4/cyfitter_cfg.c **** 		CY_SET_XTND_REG32((void CYFAR *)(CYDEV_UDB_PA2_BASE), 0x00990000u);
 512              		.loc 1 335 0
 513 021a 1E4B     		ldr	r3, .L19+36
 514 021c 9922     		mov	r2, #153
 515 021e 1204     		lsl	r2, r2, #16
ARM GAS  C:\Users\Zachary\AppData\Local\Temp\ccUqTawH.s 			page 16


 516 0220 1A60     		str	r2, [r3]
 336:.\Generated_Source\PSoC4/cyfitter_cfg.c **** 
 337:.\Generated_Source\PSoC4/cyfitter_cfg.c **** 		/* UDB_PA_3 Starting address: CYDEV_UDB_PA3_BASE */
 338:.\Generated_Source\PSoC4/cyfitter_cfg.c **** 		CY_SET_XTND_REG32((void CYFAR *)(CYDEV_UDB_PA3_BASE), 0x00990000u);
 517              		.loc 1 338 0
 518 0222 1D4B     		ldr	r3, .L19+40
 519 0224 9922     		mov	r2, #153
 520 0226 1204     		lsl	r2, r2, #16
 521 0228 1A60     		str	r2, [r3]
 339:.\Generated_Source\PSoC4/cyfitter_cfg.c **** 
 340:.\Generated_Source\PSoC4/cyfitter_cfg.c **** 		/* Enable digital routing */
 341:.\Generated_Source\PSoC4/cyfitter_cfg.c **** 		CY_SET_XTND_REG8((void *)CYREG_UDB_UDBIF_BANK_CTL, CY_GET_XTND_REG8((void *)CYREG_UDB_UDBIF_BANK_
 522              		.loc 1 341 0
 523 022a 1C4B     		ldr	r3, .L19+44
 524 022c 1B4A     		ldr	r2, .L19+44
 525 022e 1278     		ldrb	r2, [r2]
 526 0230 D2B2     		uxtb	r2, r2
 527 0232 0221     		mov	r1, #2
 528 0234 0A43     		orr	r2, r1
 529 0236 D2B2     		uxtb	r2, r2
 530 0238 1A70     		strb	r2, [r3]
 342:.\Generated_Source\PSoC4/cyfitter_cfg.c **** 
 343:.\Generated_Source\PSoC4/cyfitter_cfg.c **** 		/* Enable UDB array */
 344:.\Generated_Source\PSoC4/cyfitter_cfg.c **** 		CY_SET_XTND_REG8((void *)CYREG_UDB_UDBIF_WAIT_CFG, (uint8)((CY_GET_XTND_REG8((void *)CYREG_UDB_UD
 531              		.loc 1 344 0
 532 023a 194B     		ldr	r3, .L19+48
 533 023c 184A     		ldr	r2, .L19+48
 534 023e 1278     		ldrb	r2, [r2]
 535 0240 D2B2     		uxtb	r2, r2
 536 0242 3C21     		mov	r1, #60
 537 0244 8A43     		bic	r2, r1
 538 0246 D2B2     		uxtb	r2, r2
 539 0248 1421     		mov	r1, #20
 540 024a 0A43     		orr	r2, r1
 541 024c D2B2     		uxtb	r2, r2
 542 024e 1A70     		strb	r2, [r3]
 345:.\Generated_Source\PSoC4/cyfitter_cfg.c **** 		CY_SET_XTND_REG8((void *)CYREG_UDB_UDBIF_BANK_CTL, (uint8)(CY_GET_XTND_REG8((void *)CYREG_UDB_UDB
 543              		.loc 1 345 0
 544 0250 124B     		ldr	r3, .L19+44
 545 0252 124A     		ldr	r2, .L19+44
 546 0254 1278     		ldrb	r2, [r2]
 547 0256 D2B2     		uxtb	r2, r2
 548 0258 1621     		mov	r1, #22
 549 025a 0A43     		orr	r2, r1
 550 025c D2B2     		uxtb	r2, r2
 551 025e 1A70     		strb	r2, [r3]
 552              	.LBE2:
 346:.\Generated_Source\PSoC4/cyfitter_cfg.c **** 	}
 347:.\Generated_Source\PSoC4/cyfitter_cfg.c **** 
 348:.\Generated_Source\PSoC4/cyfitter_cfg.c **** 	/* Setup clocks based on selections from Clock DWR */
 349:.\Generated_Source\PSoC4/cyfitter_cfg.c **** 	ClockSetup();
 553              		.loc 1 349 0
 554 0260 FFF720FF 		bl	ClockSetup
 350:.\Generated_Source\PSoC4/cyfitter_cfg.c **** 
 351:.\Generated_Source\PSoC4/cyfitter_cfg.c **** 	/* Perform basic analog initialization to defaults */
 352:.\Generated_Source\PSoC4/cyfitter_cfg.c **** 	AnalogSetDefault();
 555              		.loc 1 352 0
ARM GAS  C:\Users\Zachary\AppData\Local\Temp\ccUqTawH.s 			page 17


 556 0264 FFF7FEFF 		bl	AnalogSetDefault
 353:.\Generated_Source\PSoC4/cyfitter_cfg.c **** 
 354:.\Generated_Source\PSoC4/cyfitter_cfg.c **** }
 557              		.loc 1 354 0
 558 0268 BD46     		mov	sp, r7
 559 026a 02B0     		add	sp, sp, #8
 560              		@ sp needed
 561 026c 80BD     		pop	{r7, pc}
 562              	.L20:
 563 026e C046     		.align	2
 564              	.L19:
 565 0270 6CF02E40 		.word	1076818028
 566 0274 04000000 		.word	cfg_memset_list.4742
 567 0278 00000240 		.word	1073872896
 568 027c 08000440 		.word	1074003976
 569 0280 00020440 		.word	1074004480
 570 0284 08020440 		.word	1074004488
 571 0288 00030440 		.word	1074004736
 572 028c 08030440 		.word	1074004744
 573 0290 00500F40 		.word	1074745344
 574 0294 20500F40 		.word	1074745376
 575 0298 30500F40 		.word	1074745392
 576 029c 00700F40 		.word	1074753536
 577 02a0 01700F40 		.word	1074753537
 578              		.cfi_endproc
 579              	.LFE8:
 580              		.size	cyfitter_cfg, .-cyfitter_cfg
 581              		.data
 582              		.align	2
 583              		.type	imo_trim_table.4717, %object
 584              		.size	imo_trim_table.4717, 4
 585              	imo_trim_table.4717:
 586 0000 C0F1FF0F 		.word	268431808
 587              		.section	.rodata
 588              		.align	2
 589              		.type	IMO_TRIM_FREQ_TABLE_ENTRIES.4718, %object
 590              		.size	IMO_TRIM_FREQ_TABLE_ENTRIES.4718, 4
 591              	IMO_TRIM_FREQ_TABLE_ENTRIES.4718:
 592 0000 04000000 		.word	4
 593              		.align	2
 594              		.type	cfg_memset_list.4742, %object
 595              		.size	cfg_memset_list.4742, 12
 596              	cfg_memset_list.4742:
 597 0004 00300F40 		.word	1074737152
 598 0008 0004     		.short	1024
 599 000a 00400F40 		.4byte	1074741248
 600 000e 0004     		.short	1024
 601              		.text
 602              	.Letext0:
 603              		.file 2 "c:\\program files (x86)\\cypress\\psoc creator\\3.1\\psoc creator\\import\\gnu_cs\\arm\\4
 604              		.file 3 ".\\Generated_Source\\PSoC4/cytypes.h"
 605              		.section	.debug_info,"",%progbits
 606              	.Ldebug_info0:
 607 0000 3F030000 		.4byte	0x33f
 608 0004 0400     		.2byte	0x4
 609 0006 00000000 		.4byte	.Ldebug_abbrev0
 610 000a 04       		.byte	0x4
ARM GAS  C:\Users\Zachary\AppData\Local\Temp\ccUqTawH.s 			page 18


 611 000b 01       		.uleb128 0x1
 612 000c 90020000 		.4byte	.LASF43
 613 0010 01       		.byte	0x1
 614 0011 EC010000 		.4byte	.LASF44
 615 0015 4B010000 		.4byte	.LASF45
 616 0019 00000000 		.4byte	.Ldebug_ranges0+0
 617 001d 00000000 		.4byte	0
 618 0021 00000000 		.4byte	.Ldebug_line0
 619 0025 02       		.uleb128 0x2
 620 0026 04       		.byte	0x4
 621 0027 05       		.byte	0x5
 622 0028 696E7400 		.ascii	"int\000"
 623 002c 03       		.uleb128 0x3
 624 002d 06000000 		.4byte	.LASF11
 625 0031 02       		.byte	0x2
 626 0032 D4       		.byte	0xd4
 627 0033 37000000 		.4byte	0x37
 628 0037 04       		.uleb128 0x4
 629 0038 04       		.byte	0x4
 630 0039 07       		.byte	0x7
 631 003a 12010000 		.4byte	.LASF0
 632 003e 04       		.uleb128 0x4
 633 003f 01       		.byte	0x1
 634 0040 06       		.byte	0x6
 635 0041 74020000 		.4byte	.LASF1
 636 0045 04       		.uleb128 0x4
 637 0046 01       		.byte	0x1
 638 0047 08       		.byte	0x8
 639 0048 BF000000 		.4byte	.LASF2
 640 004c 04       		.uleb128 0x4
 641 004d 02       		.byte	0x2
 642 004e 05       		.byte	0x5
 643 004f 63000000 		.4byte	.LASF3
 644 0053 04       		.uleb128 0x4
 645 0054 02       		.byte	0x2
 646 0055 07       		.byte	0x7
 647 0056 50000000 		.4byte	.LASF4
 648 005a 04       		.uleb128 0x4
 649 005b 04       		.byte	0x4
 650 005c 05       		.byte	0x5
 651 005d 5C020000 		.4byte	.LASF5
 652 0061 04       		.uleb128 0x4
 653 0062 04       		.byte	0x4
 654 0063 07       		.byte	0x7
 655 0064 9D000000 		.4byte	.LASF6
 656 0068 04       		.uleb128 0x4
 657 0069 08       		.byte	0x8
 658 006a 05       		.byte	0x5
 659 006b 26020000 		.4byte	.LASF7
 660 006f 04       		.uleb128 0x4
 661 0070 08       		.byte	0x8
 662 0071 07       		.byte	0x7
 663 0072 34010000 		.4byte	.LASF8
 664 0076 04       		.uleb128 0x4
 665 0077 04       		.byte	0x4
 666 0078 07       		.byte	0x7
 667 0079 14020000 		.4byte	.LASF9
ARM GAS  C:\Users\Zachary\AppData\Local\Temp\ccUqTawH.s 			page 19


 668 007d 05       		.uleb128 0x5
 669 007e 04       		.byte	0x4
 670 007f 04       		.uleb128 0x4
 671 0080 01       		.byte	0x1
 672 0081 08       		.byte	0x8
 673 0082 34020000 		.4byte	.LASF10
 674 0086 03       		.uleb128 0x3
 675 0087 47020000 		.4byte	.LASF12
 676 008b 03       		.byte	0x3
 677 008c A1       		.byte	0xa1
 678 008d 45000000 		.4byte	0x45
 679 0091 03       		.uleb128 0x3
 680 0092 04010000 		.4byte	.LASF13
 681 0096 03       		.byte	0x3
 682 0097 A2       		.byte	0xa2
 683 0098 53000000 		.4byte	0x53
 684 009c 03       		.uleb128 0x3
 685 009d 0B010000 		.4byte	.LASF14
 686 00a1 03       		.byte	0x3
 687 00a2 A3       		.byte	0xa3
 688 00a3 61000000 		.4byte	0x61
 689 00a7 03       		.uleb128 0x3
 690 00a8 AF000000 		.4byte	.LASF15
 691 00ac 03       		.byte	0x3
 692 00ad A6       		.byte	0xa6
 693 00ae 5A000000 		.4byte	0x5a
 694 00b2 04       		.uleb128 0x4
 695 00b3 04       		.byte	0x4
 696 00b4 04       		.byte	0x4
 697 00b5 7B000000 		.4byte	.LASF16
 698 00b9 04       		.uleb128 0x4
 699 00ba 08       		.byte	0x8
 700 00bb 04       		.byte	0x4
 701 00bc CD000000 		.4byte	.LASF17
 702 00c0 06       		.uleb128 0x6
 703 00c1 98000000 		.4byte	.LASF18
 704 00c5 03       		.byte	0x3
 705 00c6 4B01     		.2byte	0x14b
 706 00c8 CC000000 		.4byte	0xcc
 707 00cc 07       		.uleb128 0x7
 708 00cd 86000000 		.4byte	0x86
 709 00d1 06       		.uleb128 0x6
 710 00d2 00000000 		.4byte	.LASF19
 711 00d6 03       		.byte	0x3
 712 00d7 4D01     		.2byte	0x14d
 713 00d9 DD000000 		.4byte	0xdd
 714 00dd 07       		.uleb128 0x7
 715 00de 9C000000 		.4byte	0x9c
 716 00e2 08       		.uleb128 0x8
 717 00e3 B5000000 		.4byte	.LASF20
 718 00e7 01       		.byte	0x1
 719 00e8 39       		.byte	0x39
 720 00e9 00000000 		.4byte	.LFB2
 721 00ed 1E000000 		.4byte	.LFE2-.LFB2
 722 00f1 01       		.uleb128 0x1
 723 00f2 9C       		.byte	0x9c
 724 00f3 10010000 		.4byte	0x110
ARM GAS  C:\Users\Zachary\AppData\Local\Temp\ccUqTawH.s 			page 20


 725 00f7 09       		.uleb128 0x9
 726 00f8 7300     		.ascii	"s\000"
 727 00fa 01       		.byte	0x1
 728 00fb 39       		.byte	0x39
 729 00fc 7D000000 		.4byte	0x7d
 730 0100 02       		.uleb128 0x2
 731 0101 91       		.byte	0x91
 732 0102 74       		.sleb128 -12
 733 0103 09       		.uleb128 0x9
 734 0104 6E00     		.ascii	"n\000"
 735 0106 01       		.byte	0x1
 736 0107 39       		.byte	0x39
 737 0108 2C000000 		.4byte	0x2c
 738 010c 02       		.uleb128 0x2
 739 010d 91       		.byte	0x91
 740 010e 70       		.sleb128 -16
 741 010f 00       		.byte	0
 742 0110 08       		.uleb128 0x8
 743 0111 DC000000 		.4byte	.LASF21
 744 0115 01       		.byte	0x1
 745 0116 40       		.byte	0x40
 746 0117 00000000 		.4byte	.LFB3
 747 011b 22000000 		.4byte	.LFE3-.LFB3
 748 011f 01       		.uleb128 0x1
 749 0120 9C       		.byte	0x9c
 750 0121 4E010000 		.4byte	0x14e
 751 0125 0A       		.uleb128 0xa
 752 0126 8E000000 		.4byte	.LASF22
 753 012a 01       		.byte	0x1
 754 012b 40       		.byte	0x40
 755 012c 7D000000 		.4byte	0x7d
 756 0130 02       		.uleb128 0x2
 757 0131 91       		.byte	0x91
 758 0132 74       		.sleb128 -12
 759 0133 09       		.uleb128 0x9
 760 0134 73726300 		.ascii	"src\000"
 761 0138 01       		.byte	0x1
 762 0139 40       		.byte	0x40
 763 013a 4E010000 		.4byte	0x14e
 764 013e 02       		.uleb128 0x2
 765 013f 91       		.byte	0x91
 766 0140 70       		.sleb128 -16
 767 0141 09       		.uleb128 0x9
 768 0142 6E00     		.ascii	"n\000"
 769 0144 01       		.byte	0x1
 770 0145 40       		.byte	0x40
 771 0146 2C000000 		.4byte	0x2c
 772 014a 02       		.uleb128 0x2
 773 014b 91       		.byte	0x91
 774 014c 6C       		.sleb128 -20
 775 014d 00       		.byte	0
 776 014e 0B       		.uleb128 0xb
 777 014f 04       		.byte	0x4
 778 0150 54010000 		.4byte	0x154
 779 0154 0C       		.uleb128 0xc
 780 0155 08       		.uleb128 0x8
 781 0156 80020000 		.4byte	.LASF23
ARM GAS  C:\Users\Zachary\AppData\Local\Temp\ccUqTawH.s 			page 21


 782 015a 01       		.byte	0x1
 783 015b 47       		.byte	0x47
 784 015c 00000000 		.4byte	.LFB4
 785 0160 22000000 		.4byte	.LFE4-.LFB4
 786 0164 01       		.uleb128 0x1
 787 0165 9C       		.byte	0x9c
 788 0166 93010000 		.4byte	0x193
 789 016a 0A       		.uleb128 0xa
 790 016b 8E000000 		.4byte	.LASF22
 791 016f 01       		.byte	0x1
 792 0170 47       		.byte	0x47
 793 0171 7D000000 		.4byte	0x7d
 794 0175 02       		.uleb128 0x2
 795 0176 91       		.byte	0x91
 796 0177 74       		.sleb128 -12
 797 0178 09       		.uleb128 0x9
 798 0179 73726300 		.ascii	"src\000"
 799 017d 01       		.byte	0x1
 800 017e 47       		.byte	0x47
 801 017f 4E010000 		.4byte	0x14e
 802 0183 02       		.uleb128 0x2
 803 0184 91       		.byte	0x91
 804 0185 70       		.sleb128 -16
 805 0186 09       		.uleb128 0x9
 806 0187 6E00     		.ascii	"n\000"
 807 0189 01       		.byte	0x1
 808 018a 47       		.byte	0x47
 809 018b 2C000000 		.4byte	0x2c
 810 018f 02       		.uleb128 0x2
 811 0190 91       		.byte	0x91
 812 0191 6C       		.sleb128 -20
 813 0192 00       		.byte	0
 814 0193 0D       		.uleb128 0xd
 815 0194 6D000000 		.4byte	.LASF24
 816 0198 01       		.byte	0x1
 817 0199 8C       		.byte	0x8c
 818 019a 00000000 		.4byte	.LFB5
 819 019e A4000000 		.4byte	.LFE5-.LFB5
 820 01a2 01       		.uleb128 0x1
 821 01a3 9C       		.byte	0x9c
 822 01a4 76020000 		.4byte	0x276
 823 01a8 0A       		.uleb128 0xa
 824 01a9 D4000000 		.4byte	.LASF25
 825 01ad 01       		.byte	0x1
 826 01ae 8C       		.byte	0x8c
 827 01af 86000000 		.4byte	0x86
 828 01b3 02       		.uleb128 0x2
 829 01b4 91       		.byte	0x91
 830 01b5 6F       		.sleb128 -17
 831 01b6 0E       		.uleb128 0xe
 832 01b7 03       		.byte	0x3
 833 01b8 01       		.byte	0x1
 834 01b9 8E       		.byte	0x8e
 835 01ba E3010000 		.4byte	0x1e3
 836 01be 0F       		.uleb128 0xf
 837 01bf 42020000 		.4byte	.LASF26
 838 01c3 01       		.byte	0x1
ARM GAS  C:\Users\Zachary\AppData\Local\Temp\ccUqTawH.s 			page 22


 839 01c4 8F       		.byte	0x8f
 840 01c5 86000000 		.4byte	0x86
 841 01c9 00       		.byte	0
 842 01ca 0F       		.uleb128 0xf
 843 01cb 39020000 		.4byte	.LASF27
 844 01cf 01       		.byte	0x1
 845 01d0 90       		.byte	0x90
 846 01d1 86000000 		.4byte	0x86
 847 01d5 01       		.byte	0x1
 848 01d6 0F       		.uleb128 0xf
 849 01d7 4A000000 		.4byte	.LASF28
 850 01db 01       		.byte	0x1
 851 01dc 91       		.byte	0x91
 852 01dd 86000000 		.4byte	0x86
 853 01e1 02       		.byte	0x2
 854 01e2 00       		.byte	0
 855 01e3 03       		.uleb128 0x3
 856 01e4 1E000000 		.4byte	.LASF29
 857 01e8 01       		.byte	0x1
 858 01e9 92       		.byte	0x92
 859 01ea B6010000 		.4byte	0x1b6
 860 01ee 0E       		.uleb128 0xe
 861 01ef 0C       		.byte	0xc
 862 01f0 01       		.byte	0x1
 863 01f1 94       		.byte	0x94
 864 01f2 13020000 		.4byte	0x213
 865 01f6 10       		.uleb128 0x10
 866 01f7 E3010000 		.4byte	0x1e3
 867 01fb 06020000 		.4byte	0x206
 868 01ff 11       		.uleb128 0x11
 869 0200 76000000 		.4byte	0x76
 870 0204 03       		.byte	0x3
 871 0205 00       		.byte	0
 872 0206 0F       		.uleb128 0xf
 873 0207 65020000 		.4byte	.LASF30
 874 020b 01       		.byte	0x1
 875 020c 95       		.byte	0x95
 876 020d F6010000 		.4byte	0x1f6
 877 0211 00       		.byte	0
 878 0212 00       		.byte	0
 879 0213 03       		.uleb128 0x3
 880 0214 CE010000 		.4byte	.LASF31
 881 0218 01       		.byte	0x1
 882 0219 96       		.byte	0x96
 883 021a EE010000 		.4byte	0x1ee
 884 021e 12       		.uleb128 0x12
 885 021f 4D020000 		.4byte	.LASF32
 886 0223 01       		.byte	0x1
 887 0224 98       		.byte	0x98
 888 0225 2F020000 		.4byte	0x22f
 889 0229 05       		.uleb128 0x5
 890 022a 03       		.byte	0x3
 891 022b 00000000 		.4byte	imo_trim_table.4717
 892 022f 0B       		.uleb128 0xb
 893 0230 04       		.byte	0x4
 894 0231 35020000 		.4byte	0x235
 895 0235 13       		.uleb128 0x13
ARM GAS  C:\Users\Zachary\AppData\Local\Temp\ccUqTawH.s 			page 23


 896 0236 13020000 		.4byte	0x213
 897 023a 12       		.uleb128 0x12
 898 023b E8000000 		.4byte	.LASF33
 899 023f 01       		.byte	0x1
 900 0240 99       		.byte	0x99
 901 0241 76020000 		.4byte	0x276
 902 0245 05       		.uleb128 0x5
 903 0246 03       		.byte	0x3
 904 0247 00000000 		.4byte	IMO_TRIM_FREQ_TABLE_ENTRIES.4718
 905 024b 12       		.uleb128 0x12
 906 024c 81000000 		.4byte	.LASF34
 907 0250 01       		.byte	0x1
 908 0251 9B       		.byte	0x9b
 909 0252 A7000000 		.4byte	0xa7
 910 0256 02       		.uleb128 0x2
 911 0257 91       		.byte	0x91
 912 0258 74       		.sleb128 -12
 913 0259 12       		.uleb128 0x12
 914 025a 6D020000 		.4byte	.LASF35
 915 025e 01       		.byte	0x1
 916 025f 9C       		.byte	0x9c
 917 0260 86000000 		.4byte	0x86
 918 0264 02       		.uleb128 0x2
 919 0265 91       		.byte	0x91
 920 0266 73       		.sleb128 -13
 921 0267 12       		.uleb128 0x12
 922 0268 1D020000 		.4byte	.LASF36
 923 026c 01       		.byte	0x1
 924 026d 9D       		.byte	0x9d
 925 026e 86000000 		.4byte	0x86
 926 0272 02       		.uleb128 0x2
 927 0273 91       		.byte	0x91
 928 0274 72       		.sleb128 -14
 929 0275 00       		.byte	0
 930 0276 13       		.uleb128 0x13
 931 0277 9C000000 		.4byte	0x9c
 932 027b 14       		.uleb128 0x14
 933 027c 3F000000 		.4byte	.LASF37
 934 0280 01       		.byte	0x1
 935 0281 C3       		.byte	0xc3
 936 0282 A4000000 		.4byte	.LFB6
 937 0286 DC000000 		.4byte	.LFE6-.LFB6
 938 028a 01       		.uleb128 0x1
 939 028b 9C       		.byte	0x9c
 940 028c 15       		.uleb128 0x15
 941 028d 0D000000 		.4byte	.LASF38
 942 0291 01       		.byte	0x1
 943 0292 0501     		.2byte	0x105
 944 0294 00000000 		.4byte	.LFB7
 945 0298 28000000 		.4byte	.LFE7-.LFB7
 946 029c 01       		.uleb128 0x1
 947 029d 9C       		.byte	0x9c
 948 029e 16       		.uleb128 0x16
 949 029f 1F010000 		.4byte	.LASF46
 950 02a3 01       		.byte	0x1
 951 02a4 2001     		.2byte	0x120
 952 02a6 80010000 		.4byte	.LFB8
ARM GAS  C:\Users\Zachary\AppData\Local\Temp\ccUqTawH.s 			page 24


 953 02aa 24010000 		.4byte	.LFE8-.LFB8
 954 02ae 01       		.uleb128 0x1
 955 02af 9C       		.byte	0x9c
 956 02b0 17       		.uleb128 0x17
 957 02b1 8E010000 		.4byte	.LBB2
 958 02b5 D2000000 		.4byte	.LBE2-.LBB2
 959 02b9 18       		.uleb128 0x18
 960 02ba 06       		.byte	0x6
 961 02bb 01       		.byte	0x1
 962 02bc 2901     		.2byte	0x129
 963 02be DD020000 		.4byte	0x2dd
 964 02c2 19       		.uleb128 0x19
 965 02c3 2C010000 		.4byte	.LASF39
 966 02c7 01       		.byte	0x1
 967 02c8 2A01     		.2byte	0x12a
 968 02ca 7D000000 		.4byte	0x7d
 969 02ce 00       		.byte	0
 970 02cf 19       		.uleb128 0x19
 971 02d0 93000000 		.4byte	.LASF40
 972 02d4 01       		.byte	0x1
 973 02d5 2B01     		.2byte	0x12b
 974 02d7 91000000 		.4byte	0x91
 975 02db 04       		.byte	0x4
 976 02dc 00       		.byte	0
 977 02dd 06       		.uleb128 0x6
 978 02de DF010000 		.4byte	.LASF41
 979 02e2 01       		.byte	0x1
 980 02e3 2C01     		.2byte	0x12c
 981 02e5 B9020000 		.4byte	0x2b9
 982 02e9 10       		.uleb128 0x10
 983 02ea DD020000 		.4byte	0x2dd
 984 02ee F9020000 		.4byte	0x2f9
 985 02f2 11       		.uleb128 0x11
 986 02f3 76000000 		.4byte	0x76
 987 02f7 01       		.byte	0x1
 988 02f8 00       		.byte	0
 989 02f9 1A       		.uleb128 0x1a
 990 02fa 2F000000 		.4byte	.LASF42
 991 02fe 01       		.byte	0x1
 992 02ff 2E01     		.2byte	0x12e
 993 0301 0B030000 		.4byte	0x30b
 994 0305 05       		.uleb128 0x5
 995 0306 03       		.byte	0x3
 996 0307 04000000 		.4byte	cfg_memset_list.4742
 997 030b 13       		.uleb128 0x13
 998 030c E9020000 		.4byte	0x2e9
 999 0310 1B       		.uleb128 0x1b
 1000 0311 6900     		.ascii	"i\000"
 1001 0313 01       		.byte	0x1
 1002 0314 3401     		.2byte	0x134
 1003 0316 86000000 		.4byte	0x86
 1004 031a 02       		.uleb128 0x2
 1005 031b 91       		.byte	0x91
 1006 031c 77       		.sleb128 -9
 1007 031d 17       		.uleb128 0x17
 1008 031e 96010000 		.4byte	.LBB3
 1009 0322 3E000000 		.4byte	.LBE3-.LBB3
ARM GAS  C:\Users\Zachary\AppData\Local\Temp\ccUqTawH.s 			page 25


 1010 0326 1B       		.uleb128 0x1b
 1011 0327 6D7300   		.ascii	"ms\000"
 1012 032a 01       		.byte	0x1
 1013 032b 3901     		.2byte	0x139
 1014 032d 34030000 		.4byte	0x334
 1015 0331 02       		.uleb128 0x2
 1016 0332 91       		.byte	0x91
 1017 0333 70       		.sleb128 -16
 1018 0334 0B       		.uleb128 0xb
 1019 0335 04       		.byte	0x4
 1020 0336 3A030000 		.4byte	0x33a
 1021 033a 13       		.uleb128 0x13
 1022 033b DD020000 		.4byte	0x2dd
 1023 033f 00       		.byte	0
 1024 0340 00       		.byte	0
 1025 0341 00       		.byte	0
 1026 0342 00       		.byte	0
 1027              		.section	.debug_abbrev,"",%progbits
 1028              	.Ldebug_abbrev0:
 1029 0000 01       		.uleb128 0x1
 1030 0001 11       		.uleb128 0x11
 1031 0002 01       		.byte	0x1
 1032 0003 25       		.uleb128 0x25
 1033 0004 0E       		.uleb128 0xe
 1034 0005 13       		.uleb128 0x13
 1035 0006 0B       		.uleb128 0xb
 1036 0007 03       		.uleb128 0x3
 1037 0008 0E       		.uleb128 0xe
 1038 0009 1B       		.uleb128 0x1b
 1039 000a 0E       		.uleb128 0xe
 1040 000b 55       		.uleb128 0x55
 1041 000c 17       		.uleb128 0x17
 1042 000d 11       		.uleb128 0x11
 1043 000e 01       		.uleb128 0x1
 1044 000f 10       		.uleb128 0x10
 1045 0010 17       		.uleb128 0x17
 1046 0011 00       		.byte	0
 1047 0012 00       		.byte	0
 1048 0013 02       		.uleb128 0x2
 1049 0014 24       		.uleb128 0x24
 1050 0015 00       		.byte	0
 1051 0016 0B       		.uleb128 0xb
 1052 0017 0B       		.uleb128 0xb
 1053 0018 3E       		.uleb128 0x3e
 1054 0019 0B       		.uleb128 0xb
 1055 001a 03       		.uleb128 0x3
 1056 001b 08       		.uleb128 0x8
 1057 001c 00       		.byte	0
 1058 001d 00       		.byte	0
 1059 001e 03       		.uleb128 0x3
 1060 001f 16       		.uleb128 0x16
 1061 0020 00       		.byte	0
 1062 0021 03       		.uleb128 0x3
 1063 0022 0E       		.uleb128 0xe
 1064 0023 3A       		.uleb128 0x3a
 1065 0024 0B       		.uleb128 0xb
 1066 0025 3B       		.uleb128 0x3b
ARM GAS  C:\Users\Zachary\AppData\Local\Temp\ccUqTawH.s 			page 26


 1067 0026 0B       		.uleb128 0xb
 1068 0027 49       		.uleb128 0x49
 1069 0028 13       		.uleb128 0x13
 1070 0029 00       		.byte	0
 1071 002a 00       		.byte	0
 1072 002b 04       		.uleb128 0x4
 1073 002c 24       		.uleb128 0x24
 1074 002d 00       		.byte	0
 1075 002e 0B       		.uleb128 0xb
 1076 002f 0B       		.uleb128 0xb
 1077 0030 3E       		.uleb128 0x3e
 1078 0031 0B       		.uleb128 0xb
 1079 0032 03       		.uleb128 0x3
 1080 0033 0E       		.uleb128 0xe
 1081 0034 00       		.byte	0
 1082 0035 00       		.byte	0
 1083 0036 05       		.uleb128 0x5
 1084 0037 0F       		.uleb128 0xf
 1085 0038 00       		.byte	0
 1086 0039 0B       		.uleb128 0xb
 1087 003a 0B       		.uleb128 0xb
 1088 003b 00       		.byte	0
 1089 003c 00       		.byte	0
 1090 003d 06       		.uleb128 0x6
 1091 003e 16       		.uleb128 0x16
 1092 003f 00       		.byte	0
 1093 0040 03       		.uleb128 0x3
 1094 0041 0E       		.uleb128 0xe
 1095 0042 3A       		.uleb128 0x3a
 1096 0043 0B       		.uleb128 0xb
 1097 0044 3B       		.uleb128 0x3b
 1098 0045 05       		.uleb128 0x5
 1099 0046 49       		.uleb128 0x49
 1100 0047 13       		.uleb128 0x13
 1101 0048 00       		.byte	0
 1102 0049 00       		.byte	0
 1103 004a 07       		.uleb128 0x7
 1104 004b 35       		.uleb128 0x35
 1105 004c 00       		.byte	0
 1106 004d 49       		.uleb128 0x49
 1107 004e 13       		.uleb128 0x13
 1108 004f 00       		.byte	0
 1109 0050 00       		.byte	0
 1110 0051 08       		.uleb128 0x8
 1111 0052 2E       		.uleb128 0x2e
 1112 0053 01       		.byte	0x1
 1113 0054 03       		.uleb128 0x3
 1114 0055 0E       		.uleb128 0xe
 1115 0056 3A       		.uleb128 0x3a
 1116 0057 0B       		.uleb128 0xb
 1117 0058 3B       		.uleb128 0x3b
 1118 0059 0B       		.uleb128 0xb
 1119 005a 27       		.uleb128 0x27
 1120 005b 19       		.uleb128 0x19
 1121 005c 11       		.uleb128 0x11
 1122 005d 01       		.uleb128 0x1
 1123 005e 12       		.uleb128 0x12
ARM GAS  C:\Users\Zachary\AppData\Local\Temp\ccUqTawH.s 			page 27


 1124 005f 06       		.uleb128 0x6
 1125 0060 40       		.uleb128 0x40
 1126 0061 18       		.uleb128 0x18
 1127 0062 9642     		.uleb128 0x2116
 1128 0064 19       		.uleb128 0x19
 1129 0065 01       		.uleb128 0x1
 1130 0066 13       		.uleb128 0x13
 1131 0067 00       		.byte	0
 1132 0068 00       		.byte	0
 1133 0069 09       		.uleb128 0x9
 1134 006a 05       		.uleb128 0x5
 1135 006b 00       		.byte	0
 1136 006c 03       		.uleb128 0x3
 1137 006d 08       		.uleb128 0x8
 1138 006e 3A       		.uleb128 0x3a
 1139 006f 0B       		.uleb128 0xb
 1140 0070 3B       		.uleb128 0x3b
 1141 0071 0B       		.uleb128 0xb
 1142 0072 49       		.uleb128 0x49
 1143 0073 13       		.uleb128 0x13
 1144 0074 02       		.uleb128 0x2
 1145 0075 18       		.uleb128 0x18
 1146 0076 00       		.byte	0
 1147 0077 00       		.byte	0
 1148 0078 0A       		.uleb128 0xa
 1149 0079 05       		.uleb128 0x5
 1150 007a 00       		.byte	0
 1151 007b 03       		.uleb128 0x3
 1152 007c 0E       		.uleb128 0xe
 1153 007d 3A       		.uleb128 0x3a
 1154 007e 0B       		.uleb128 0xb
 1155 007f 3B       		.uleb128 0x3b
 1156 0080 0B       		.uleb128 0xb
 1157 0081 49       		.uleb128 0x49
 1158 0082 13       		.uleb128 0x13
 1159 0083 02       		.uleb128 0x2
 1160 0084 18       		.uleb128 0x18
 1161 0085 00       		.byte	0
 1162 0086 00       		.byte	0
 1163 0087 0B       		.uleb128 0xb
 1164 0088 0F       		.uleb128 0xf
 1165 0089 00       		.byte	0
 1166 008a 0B       		.uleb128 0xb
 1167 008b 0B       		.uleb128 0xb
 1168 008c 49       		.uleb128 0x49
 1169 008d 13       		.uleb128 0x13
 1170 008e 00       		.byte	0
 1171 008f 00       		.byte	0
 1172 0090 0C       		.uleb128 0xc
 1173 0091 26       		.uleb128 0x26
 1174 0092 00       		.byte	0
 1175 0093 00       		.byte	0
 1176 0094 00       		.byte	0
 1177 0095 0D       		.uleb128 0xd
 1178 0096 2E       		.uleb128 0x2e
 1179 0097 01       		.byte	0x1
 1180 0098 03       		.uleb128 0x3
ARM GAS  C:\Users\Zachary\AppData\Local\Temp\ccUqTawH.s 			page 28


 1181 0099 0E       		.uleb128 0xe
 1182 009a 3A       		.uleb128 0x3a
 1183 009b 0B       		.uleb128 0xb
 1184 009c 3B       		.uleb128 0x3b
 1185 009d 0B       		.uleb128 0xb
 1186 009e 27       		.uleb128 0x27
 1187 009f 19       		.uleb128 0x19
 1188 00a0 11       		.uleb128 0x11
 1189 00a1 01       		.uleb128 0x1
 1190 00a2 12       		.uleb128 0x12
 1191 00a3 06       		.uleb128 0x6
 1192 00a4 40       		.uleb128 0x40
 1193 00a5 18       		.uleb128 0x18
 1194 00a6 9742     		.uleb128 0x2117
 1195 00a8 19       		.uleb128 0x19
 1196 00a9 01       		.uleb128 0x1
 1197 00aa 13       		.uleb128 0x13
 1198 00ab 00       		.byte	0
 1199 00ac 00       		.byte	0
 1200 00ad 0E       		.uleb128 0xe
 1201 00ae 13       		.uleb128 0x13
 1202 00af 01       		.byte	0x1
 1203 00b0 0B       		.uleb128 0xb
 1204 00b1 0B       		.uleb128 0xb
 1205 00b2 3A       		.uleb128 0x3a
 1206 00b3 0B       		.uleb128 0xb
 1207 00b4 3B       		.uleb128 0x3b
 1208 00b5 0B       		.uleb128 0xb
 1209 00b6 01       		.uleb128 0x1
 1210 00b7 13       		.uleb128 0x13
 1211 00b8 00       		.byte	0
 1212 00b9 00       		.byte	0
 1213 00ba 0F       		.uleb128 0xf
 1214 00bb 0D       		.uleb128 0xd
 1215 00bc 00       		.byte	0
 1216 00bd 03       		.uleb128 0x3
 1217 00be 0E       		.uleb128 0xe
 1218 00bf 3A       		.uleb128 0x3a
 1219 00c0 0B       		.uleb128 0xb
 1220 00c1 3B       		.uleb128 0x3b
 1221 00c2 0B       		.uleb128 0xb
 1222 00c3 49       		.uleb128 0x49
 1223 00c4 13       		.uleb128 0x13
 1224 00c5 38       		.uleb128 0x38
 1225 00c6 0B       		.uleb128 0xb
 1226 00c7 00       		.byte	0
 1227 00c8 00       		.byte	0
 1228 00c9 10       		.uleb128 0x10
 1229 00ca 01       		.uleb128 0x1
 1230 00cb 01       		.byte	0x1
 1231 00cc 49       		.uleb128 0x49
 1232 00cd 13       		.uleb128 0x13
 1233 00ce 01       		.uleb128 0x1
 1234 00cf 13       		.uleb128 0x13
 1235 00d0 00       		.byte	0
 1236 00d1 00       		.byte	0
 1237 00d2 11       		.uleb128 0x11
ARM GAS  C:\Users\Zachary\AppData\Local\Temp\ccUqTawH.s 			page 29


 1238 00d3 21       		.uleb128 0x21
 1239 00d4 00       		.byte	0
 1240 00d5 49       		.uleb128 0x49
 1241 00d6 13       		.uleb128 0x13
 1242 00d7 2F       		.uleb128 0x2f
 1243 00d8 0B       		.uleb128 0xb
 1244 00d9 00       		.byte	0
 1245 00da 00       		.byte	0
 1246 00db 12       		.uleb128 0x12
 1247 00dc 34       		.uleb128 0x34
 1248 00dd 00       		.byte	0
 1249 00de 03       		.uleb128 0x3
 1250 00df 0E       		.uleb128 0xe
 1251 00e0 3A       		.uleb128 0x3a
 1252 00e1 0B       		.uleb128 0xb
 1253 00e2 3B       		.uleb128 0x3b
 1254 00e3 0B       		.uleb128 0xb
 1255 00e4 49       		.uleb128 0x49
 1256 00e5 13       		.uleb128 0x13
 1257 00e6 02       		.uleb128 0x2
 1258 00e7 18       		.uleb128 0x18
 1259 00e8 00       		.byte	0
 1260 00e9 00       		.byte	0
 1261 00ea 13       		.uleb128 0x13
 1262 00eb 26       		.uleb128 0x26
 1263 00ec 00       		.byte	0
 1264 00ed 49       		.uleb128 0x49
 1265 00ee 13       		.uleb128 0x13
 1266 00ef 00       		.byte	0
 1267 00f0 00       		.byte	0
 1268 00f1 14       		.uleb128 0x14
 1269 00f2 2E       		.uleb128 0x2e
 1270 00f3 00       		.byte	0
 1271 00f4 03       		.uleb128 0x3
 1272 00f5 0E       		.uleb128 0xe
 1273 00f6 3A       		.uleb128 0x3a
 1274 00f7 0B       		.uleb128 0xb
 1275 00f8 3B       		.uleb128 0x3b
 1276 00f9 0B       		.uleb128 0xb
 1277 00fa 27       		.uleb128 0x27
 1278 00fb 19       		.uleb128 0x19
 1279 00fc 11       		.uleb128 0x11
 1280 00fd 01       		.uleb128 0x1
 1281 00fe 12       		.uleb128 0x12
 1282 00ff 06       		.uleb128 0x6
 1283 0100 40       		.uleb128 0x40
 1284 0101 18       		.uleb128 0x18
 1285 0102 9642     		.uleb128 0x2116
 1286 0104 19       		.uleb128 0x19
 1287 0105 00       		.byte	0
 1288 0106 00       		.byte	0
 1289 0107 15       		.uleb128 0x15
 1290 0108 2E       		.uleb128 0x2e
 1291 0109 00       		.byte	0
 1292 010a 03       		.uleb128 0x3
 1293 010b 0E       		.uleb128 0xe
 1294 010c 3A       		.uleb128 0x3a
ARM GAS  C:\Users\Zachary\AppData\Local\Temp\ccUqTawH.s 			page 30


 1295 010d 0B       		.uleb128 0xb
 1296 010e 3B       		.uleb128 0x3b
 1297 010f 05       		.uleb128 0x5
 1298 0110 27       		.uleb128 0x27
 1299 0111 19       		.uleb128 0x19
 1300 0112 11       		.uleb128 0x11
 1301 0113 01       		.uleb128 0x1
 1302 0114 12       		.uleb128 0x12
 1303 0115 06       		.uleb128 0x6
 1304 0116 40       		.uleb128 0x40
 1305 0117 18       		.uleb128 0x18
 1306 0118 9742     		.uleb128 0x2117
 1307 011a 19       		.uleb128 0x19
 1308 011b 00       		.byte	0
 1309 011c 00       		.byte	0
 1310 011d 16       		.uleb128 0x16
 1311 011e 2E       		.uleb128 0x2e
 1312 011f 01       		.byte	0x1
 1313 0120 3F       		.uleb128 0x3f
 1314 0121 19       		.uleb128 0x19
 1315 0122 03       		.uleb128 0x3
 1316 0123 0E       		.uleb128 0xe
 1317 0124 3A       		.uleb128 0x3a
 1318 0125 0B       		.uleb128 0xb
 1319 0126 3B       		.uleb128 0x3b
 1320 0127 05       		.uleb128 0x5
 1321 0128 27       		.uleb128 0x27
 1322 0129 19       		.uleb128 0x19
 1323 012a 11       		.uleb128 0x11
 1324 012b 01       		.uleb128 0x1
 1325 012c 12       		.uleb128 0x12
 1326 012d 06       		.uleb128 0x6
 1327 012e 40       		.uleb128 0x40
 1328 012f 18       		.uleb128 0x18
 1329 0130 9642     		.uleb128 0x2116
 1330 0132 19       		.uleb128 0x19
 1331 0133 00       		.byte	0
 1332 0134 00       		.byte	0
 1333 0135 17       		.uleb128 0x17
 1334 0136 0B       		.uleb128 0xb
 1335 0137 01       		.byte	0x1
 1336 0138 11       		.uleb128 0x11
 1337 0139 01       		.uleb128 0x1
 1338 013a 12       		.uleb128 0x12
 1339 013b 06       		.uleb128 0x6
 1340 013c 00       		.byte	0
 1341 013d 00       		.byte	0
 1342 013e 18       		.uleb128 0x18
 1343 013f 13       		.uleb128 0x13
 1344 0140 01       		.byte	0x1
 1345 0141 0B       		.uleb128 0xb
 1346 0142 0B       		.uleb128 0xb
 1347 0143 3A       		.uleb128 0x3a
 1348 0144 0B       		.uleb128 0xb
 1349 0145 3B       		.uleb128 0x3b
 1350 0146 05       		.uleb128 0x5
 1351 0147 01       		.uleb128 0x1
ARM GAS  C:\Users\Zachary\AppData\Local\Temp\ccUqTawH.s 			page 31


 1352 0148 13       		.uleb128 0x13
 1353 0149 00       		.byte	0
 1354 014a 00       		.byte	0
 1355 014b 19       		.uleb128 0x19
 1356 014c 0D       		.uleb128 0xd
 1357 014d 00       		.byte	0
 1358 014e 03       		.uleb128 0x3
 1359 014f 0E       		.uleb128 0xe
 1360 0150 3A       		.uleb128 0x3a
 1361 0151 0B       		.uleb128 0xb
 1362 0152 3B       		.uleb128 0x3b
 1363 0153 05       		.uleb128 0x5
 1364 0154 49       		.uleb128 0x49
 1365 0155 13       		.uleb128 0x13
 1366 0156 38       		.uleb128 0x38
 1367 0157 0B       		.uleb128 0xb
 1368 0158 00       		.byte	0
 1369 0159 00       		.byte	0
 1370 015a 1A       		.uleb128 0x1a
 1371 015b 34       		.uleb128 0x34
 1372 015c 00       		.byte	0
 1373 015d 03       		.uleb128 0x3
 1374 015e 0E       		.uleb128 0xe
 1375 015f 3A       		.uleb128 0x3a
 1376 0160 0B       		.uleb128 0xb
 1377 0161 3B       		.uleb128 0x3b
 1378 0162 05       		.uleb128 0x5
 1379 0163 49       		.uleb128 0x49
 1380 0164 13       		.uleb128 0x13
 1381 0165 02       		.uleb128 0x2
 1382 0166 18       		.uleb128 0x18
 1383 0167 00       		.byte	0
 1384 0168 00       		.byte	0
 1385 0169 1B       		.uleb128 0x1b
 1386 016a 34       		.uleb128 0x34
 1387 016b 00       		.byte	0
 1388 016c 03       		.uleb128 0x3
 1389 016d 08       		.uleb128 0x8
 1390 016e 3A       		.uleb128 0x3a
 1391 016f 0B       		.uleb128 0xb
 1392 0170 3B       		.uleb128 0x3b
 1393 0171 05       		.uleb128 0x5
 1394 0172 49       		.uleb128 0x49
 1395 0173 13       		.uleb128 0x13
 1396 0174 02       		.uleb128 0x2
 1397 0175 18       		.uleb128 0x18
 1398 0176 00       		.byte	0
 1399 0177 00       		.byte	0
 1400 0178 00       		.byte	0
 1401              		.section	.debug_aranges,"",%progbits
 1402 0000 4C000000 		.4byte	0x4c
 1403 0004 0200     		.2byte	0x2
 1404 0006 00000000 		.4byte	.Ldebug_info0
 1405 000a 04       		.byte	0x4
 1406 000b 00       		.byte	0
 1407 000c 0000     		.2byte	0
 1408 000e 0000     		.2byte	0
ARM GAS  C:\Users\Zachary\AppData\Local\Temp\ccUqTawH.s 			page 32


 1409 0010 00000000 		.4byte	.LFB2
 1410 0014 1E000000 		.4byte	.LFE2-.LFB2
 1411 0018 00000000 		.4byte	.LFB3
 1412 001c 22000000 		.4byte	.LFE3-.LFB3
 1413 0020 00000000 		.4byte	.LFB4
 1414 0024 22000000 		.4byte	.LFE4-.LFB4
 1415 0028 00000000 		.4byte	.LFB5
 1416 002c A4000000 		.4byte	.LFE5-.LFB5
 1417 0030 A4000000 		.4byte	.LFB6
 1418 0034 DC000000 		.4byte	.LFE6-.LFB6
 1419 0038 00000000 		.4byte	.LFB7
 1420 003c 28000000 		.4byte	.LFE7-.LFB7
 1421 0040 80010000 		.4byte	.LFB8
 1422 0044 24010000 		.4byte	.LFE8-.LFB8
 1423 0048 00000000 		.4byte	0
 1424 004c 00000000 		.4byte	0
 1425              		.section	.debug_ranges,"",%progbits
 1426              	.Ldebug_ranges0:
 1427 0000 00000000 		.4byte	.LFB2
 1428 0004 1E000000 		.4byte	.LFE2
 1429 0008 00000000 		.4byte	.LFB3
 1430 000c 22000000 		.4byte	.LFE3
 1431 0010 00000000 		.4byte	.LFB4
 1432 0014 22000000 		.4byte	.LFE4
 1433 0018 00000000 		.4byte	.LFB5
 1434 001c A4000000 		.4byte	.LFE5
 1435 0020 A4000000 		.4byte	.LFB6
 1436 0024 80010000 		.4byte	.LFE6
 1437 0028 00000000 		.4byte	.LFB7
 1438 002c 28000000 		.4byte	.LFE7
 1439 0030 80010000 		.4byte	.LFB8
 1440 0034 A4020000 		.4byte	.LFE8
 1441 0038 00000000 		.4byte	0
 1442 003c 00000000 		.4byte	0
 1443              		.section	.debug_line,"",%progbits
 1444              	.Ldebug_line0:
 1445 0000 87010000 		.section	.debug_str,"MS",%progbits,1
 1445      0200D000 
 1445      00000201 
 1445      FB0E0D00 
 1445      01010101 
 1446              	.LASF19:
 1447 0000 72656733 		.ascii	"reg32\000"
 1447      3200
 1448              	.LASF11:
 1449 0006 73697A65 		.ascii	"size_t\000"
 1449      5F7400
 1450              	.LASF38:
 1451 000d 416E616C 		.ascii	"AnalogSetDefault\000"
 1451      6F675365 
 1451      74446566 
 1451      61756C74 
 1451      00
 1452              	.LASF29:
 1453 001e 696D6F5F 		.ascii	"imo_trim_entry_t\000"
 1453      7472696D 
 1453      5F656E74 
ARM GAS  C:\Users\Zachary\AppData\Local\Temp\ccUqTawH.s 			page 33


 1453      72795F74 
 1453      00
 1454              	.LASF42:
 1455 002f 6366675F 		.ascii	"cfg_memset_list\000"
 1455      6D656D73 
 1455      65745F6C 
 1455      69737400 
 1456              	.LASF37:
 1457 003f 436C6F63 		.ascii	"ClockSetup\000"
 1457      6B536574 
 1457      757000
 1458              	.LASF28:
 1459 004a 746D7063 		.ascii	"tmpco\000"
 1459      6F00
 1460              	.LASF4:
 1461 0050 73686F72 		.ascii	"short unsigned int\000"
 1461      7420756E 
 1461      7369676E 
 1461      65642069 
 1461      6E7400
 1462              	.LASF3:
 1463 0063 73686F72 		.ascii	"short int\000"
 1463      7420696E 
 1463      7400
 1464              	.LASF24:
 1465 006d 53657449 		.ascii	"SetIMOBGTrims\000"
 1465      4D4F4247 
 1465      5472696D 
 1465      7300
 1466              	.LASF16:
 1467 007b 666C6F61 		.ascii	"float\000"
 1467      7400
 1468              	.LASF34:
 1469 0081 696D6F54 		.ascii	"imoTrimIndex\000"
 1469      72696D49 
 1469      6E646578 
 1469      00
 1470              	.LASF22:
 1471 008e 64657374 		.ascii	"dest\000"
 1471      00
 1472              	.LASF40:
 1473 0093 73697A65 		.ascii	"size\000"
 1473      00
 1474              	.LASF18:
 1475 0098 72656738 		.ascii	"reg8\000"
 1475      00
 1476              	.LASF6:
 1477 009d 6C6F6E67 		.ascii	"long unsigned int\000"
 1477      20756E73 
 1477      69676E65 
 1477      6420696E 
 1477      7400
 1478              	.LASF15:
 1479 00af 696E7433 		.ascii	"int32\000"
 1479      3200
 1480              	.LASF20:
 1481 00b5 43594D45 		.ascii	"CYMEMZERO\000"
ARM GAS  C:\Users\Zachary\AppData\Local\Temp\ccUqTawH.s 			page 34


 1481      4D5A4552 
 1481      4F00
 1482              	.LASF2:
 1483 00bf 756E7369 		.ascii	"unsigned char\000"
 1483      676E6564 
 1483      20636861 
 1483      7200
 1484              	.LASF17:
 1485 00cd 646F7562 		.ascii	"double\000"
 1485      6C6500
 1486              	.LASF25:
 1487 00d4 696D6F46 		.ascii	"imoFreq\000"
 1487      72657100 
 1488              	.LASF21:
 1489 00dc 4359434F 		.ascii	"CYCONFIGCPY\000"
 1489      4E464947 
 1489      43505900 
 1490              	.LASF33:
 1491 00e8 494D4F5F 		.ascii	"IMO_TRIM_FREQ_TABLE_ENTRIES\000"
 1491      5452494D 
 1491      5F465245 
 1491      515F5441 
 1491      424C455F 
 1492              	.LASF13:
 1493 0104 75696E74 		.ascii	"uint16\000"
 1493      313600
 1494              	.LASF14:
 1495 010b 75696E74 		.ascii	"uint32\000"
 1495      333200
 1496              	.LASF0:
 1497 0112 756E7369 		.ascii	"unsigned int\000"
 1497      676E6564 
 1497      20696E74 
 1497      00
 1498              	.LASF46:
 1499 011f 63796669 		.ascii	"cyfitter_cfg\000"
 1499      74746572 
 1499      5F636667 
 1499      00
 1500              	.LASF39:
 1501 012c 61646472 		.ascii	"address\000"
 1501      65737300 
 1502              	.LASF8:
 1503 0134 6C6F6E67 		.ascii	"long long unsigned int\000"
 1503      206C6F6E 
 1503      6720756E 
 1503      7369676E 
 1503      65642069 
 1504              	.LASF45:
 1505 014b 433A5C55 		.ascii	"C:\\Users\\Zachary\\Desktop\\PSoC-4-BLE-master\\100"
 1505      73657273 
 1505      5C5A6163 
 1505      68617279 
 1505      5C446573 
 1506 0179 5F50726F 		.ascii	"_Projects_in_100_Days\\Day001_Find_Me\\PSoC 4 BLE -"
 1506      6A656374 
 1506      735F696E 
ARM GAS  C:\Users\Zachary\AppData\Local\Temp\ccUqTawH.s 			page 35


 1506      5F313030 
 1506      5F446179 
 1507 01aa 2046696E 		.ascii	" Find Me\\PSoC 4 BLE - Find Me.cydsn\000"
 1507      64204D65 
 1507      5C50536F 
 1507      43203420 
 1507      424C4520 
 1508              	.LASF31:
 1509 01ce 696D6F5F 		.ascii	"imo_trim_table_t\000"
 1509      7472696D 
 1509      5F746162 
 1509      6C655F74 
 1509      00
 1510              	.LASF41:
 1511 01df 6366675F 		.ascii	"cfg_memset_t\000"
 1511      6D656D73 
 1511      65745F74 
 1511      00
 1512              	.LASF44:
 1513 01ec 2E5C4765 		.ascii	".\\Generated_Source\\PSoC4\\cyfitter_cfg.c\000"
 1513      6E657261 
 1513      7465645F 
 1513      536F7572 
 1513      63655C50 
 1514              	.LASF9:
 1515 0214 73697A65 		.ascii	"sizetype\000"
 1515      74797065 
 1515      00
 1516              	.LASF36:
 1517 021d 73657454 		.ascii	"setTmpCo\000"
 1517      6D70436F 
 1517      00
 1518              	.LASF7:
 1519 0226 6C6F6E67 		.ascii	"long long int\000"
 1519      206C6F6E 
 1519      6720696E 
 1519      7400
 1520              	.LASF10:
 1521 0234 63686172 		.ascii	"char\000"
 1521      00
 1522              	.LASF27:
 1523 0239 6162736F 		.ascii	"absolute\000"
 1523      6C757465 
 1523      00
 1524              	.LASF26:
 1525 0242 66726571 		.ascii	"freq\000"
 1525      00
 1526              	.LASF12:
 1527 0247 75696E74 		.ascii	"uint8\000"
 1527      3800
 1528              	.LASF32:
 1529 024d 696D6F5F 		.ascii	"imo_trim_table\000"
 1529      7472696D 
 1529      5F746162 
 1529      6C6500
 1530              	.LASF5:
 1531 025c 6C6F6E67 		.ascii	"long int\000"
ARM GAS  C:\Users\Zachary\AppData\Local\Temp\ccUqTawH.s 			page 36


 1531      20696E74 
 1531      00
 1532              	.LASF30:
 1533 0265 656E7472 		.ascii	"entries\000"
 1533      69657300 
 1534              	.LASF35:
 1535 026d 73657441 		.ascii	"setAbs\000"
 1535      627300
 1536              	.LASF1:
 1537 0274 7369676E 		.ascii	"signed char\000"
 1537      65642063 
 1537      68617200 
 1538              	.LASF23:
 1539 0280 4359434F 		.ascii	"CYCONFIGCPYCODE\000"
 1539      4E464947 
 1539      43505943 
 1539      4F444500 
 1540              	.LASF43:
 1541 0290 474E5520 		.ascii	"GNU C 4.8.4 20140526 (release) [ARM/embedded-4_8-br"
 1541      4320342E 
 1541      382E3420 
 1541      32303134 
 1541      30353236 
 1542 02c3 616E6368 		.ascii	"anch revision 211358] -mcpu=cortex-m0 -mthumb -g -O"
 1542      20726576 
 1542      6973696F 
 1542      6E203231 
 1542      31333538 
 1543 02f6 30202D66 		.ascii	"0 -ffunction-sections\000"
 1543      66756E63 
 1543      74696F6E 
 1543      2D736563 
 1543      74696F6E 
 1544              		.ident	"GCC: (GNU Tools for ARM Embedded Processors) 4.8.4 20140526 (release) [ARM/embedded-4_8-br
